2014-11-1 15:45:42:513 Steam.dll Loaded
2014-11-1 15:45:42:513 BlobPath --> C:\Documents and Settings\Administrador\Desktop\DarkRust Oxide 18\ClientRegistry.blob
2014-11-1 15:45:42:513 IniPath --> C:\Documents and Settings\Administrador\Desktop\DarkRust Oxide 18\LumaEmu.ini
2014-11-1 15:45:42:513 CachePath --> c:\program files (x86)\steam\steamapps\
2014-11-1 15:45:42:528 ClientRegistry.blob is found
2014-11-1 15:45:42:528 Using ContentDescriptionRecord
2014-11-1 15:45:42:857 SteamMiniDumpInit
2014-11-1 15:46:28:91 Steam.dll Loaded
2014-11-1 15:46:28:91 BlobPath --> C:\Documents and Settings\Administrador\Desktop\DarkRust Oxide 18\ClientRegistry.blob
2014-11-1 15:46:28:91 IniPath --> C:\Documents and Settings\Administrador\Desktop\DarkRust Oxide 18\LumaEmu.ini
2014-11-1 15:46:28:91 CachePath --> c:\program files (x86)\steam\steamapps\
2014-11-1 15:46:28:91 ClientRegistry.blob is found
2014-11-1 15:46:28:91 Using ContentDescriptionRecord
2014-11-1 15:46:28:403 SteamMiniDumpInit
2014-11-1 15:46:41:888 Steam.dll Shutdown
2014-11-1 15:46:52:216 Steam.dll Loaded
2014-11-1 15:46:52:216 BlobPath --> C:\Documents and Settings\Administrador\Desktop\DarkRust Oxide 18\ClientRegistry.blob
2014-11-1 15:46:52:216 IniPath --> C:\Documents and Settings\Administrador\Desktop\DarkRust Oxide 18\LumaEmu.ini
2014-11-1 15:46:52:216 CachePath --> c:\program files (x86)\steam\steamapps\
2014-11-1 15:46:52:216 ClientRegistry.blob is found
2014-11-1 15:46:52:216 Using ContentDescriptionRecord
2014-11-1 15:46:52:591 SteamMiniDumpInit
2014-11-1 15:49:23:982 Steam.dll Shutdown
2014-11-1 15:49:36:669 Steam.dll Loaded
2014-11-1 15:49:36:669 BlobPath --> C:\Documents and Settings\Administrador\Desktop\DarkRust Oxide 18\ClientRegistry.blob
2014-11-1 15:49:36:669 IniPath --> C:\Documents and Settings\Administrador\Desktop\DarkRust Oxide 18\LumaEmu.ini
2014-11-1 15:49:36:669 CachePath --> c:\program files (x86)\steam\steamapps\
2014-11-1 15:49:36:685 ClientRegistry.blob is found
2014-11-1 15:49:36:685 Using ContentDescriptionRecord
2014-11-1 15:49:37:75 SteamMiniDumpInit
2014-11-1 15:50:2:528 Steam.dll Shutdown
2014-11-1 15:53:2:122 Steam.dll Loaded
2014-11-1 15:53:2:122 BlobPath --> C:\Documents and Settings\Administrador\Desktop\DarkRust Oxide 18\ClientRegistry.blob
2014-11-1 15:53:2:122 IniPath --> C:\Documents and Settings\Administrador\Desktop\DarkRust Oxide 18\LumaEmu.ini
2014-11-1 15:53:2:122 CachePath --> c:\program files (x86)\steam\steamapps\
2014-11-1 15:53:2:138 ClientRegistry.blob is found
2014-11-1 15:53:2:138 Using ContentDescriptionRecord
2014-11-1 15:53:2:403 SteamMiniDumpInit
2014-11-1 15:56:34:888 Steam.dll Loaded
2014-11-1 15:56:34:888 BlobPath --> C:\Documents and Settings\Administrador\Desktop\DarkRust Oxide 18\ClientRegistry.blob
2014-11-1 15:56:34:888 IniPath --> C:\Documents and Settings\Administrador\Desktop\DarkRust Oxide 18\LumaEmu.ini
2014-11-1 15:56:34:888 CachePath --> c:\program files (x86)\steam\steamapps\
2014-11-1 15:56:34:888 ClientRegistry.blob is found
2014-11-1 15:56:34:888 Using ContentDescriptionRecord
2014-11-1 15:56:35:169 SteamMiniDumpInit
2014-11-1 15:56:44:28 Steam.dll Shutdown
2014-11-1 15:57:15:435 Steam.dll Loaded
2014-11-1 15:57:15:435 BlobPath --> C:\Documents and Settings\Administrador\Desktop\DarkRust Oxide 18\ClientRegistry.blob
2014-11-1 15:57:15:435 IniPath --> C:\Documents and Settings\Administrador\Desktop\DarkRust Oxide 18\LumaEmu.ini
2014-11-1 15:57:15:435 CachePath --> c:\program files (x86)\steam\steamapps\
2014-11-1 15:57:15:435 ClientRegistry.blob is found
2014-11-1 15:57:15:435 Using ContentDescriptionRecord
2014-11-1 15:57:15:888 SteamMiniDumpInit
2014-11-1 15:59:34:982 Steam.dll Loaded
2014-11-1 15:59:34:982 BlobPath --> C:\Documents and Settings\Administrador\Desktop\DarkRust Oxide 18\ClientRegistry.blob
2014-11-1 15:59:34:982 IniPath --> C:\Documents and Settings\Administrador\Desktop\DarkRust Oxide 18\LumaEmu.ini
2014-11-1 15:59:34:982 CachePath --> c:\program files (x86)\steam\steamapps\
2014-11-1 15:59:35:153 ClientRegistry.blob is found
2014-11-1 15:59:35:153 Using ContentDescriptionRecord
2014-11-1 15:59:35:403 SteamMiniDumpInit
2014-11-1 16:16:52:841 Steam.dll Shutdown
2014-11-1 16:23:43:185 Steam.dll Loaded
2014-11-1 16:23:43:185 BlobPath --> C:\Documents and Settings\Administrador\Desktop\DarkRust Oxide 18\ClientRegistry.blob
2014-11-1 16:23:43:185 IniPath --> C:\Documents and Settings\Administrador\Desktop\DarkRust Oxide 18\LumaEmu.ini
2014-11-1 16:23:43:185 CachePath --> c:\program files (x86)\steam\steamapps\
2014-11-1 16:23:43:185 ClientRegistry.blob is found
2014-11-1 16:23:43:185 Using ContentDescriptionRecord
2014-11-1 16:23:43:497 SteamMiniDumpInit
2014-11-1 16:26:32:653 Steam.dll Shutdown
2014-11-1 16:28:57:982 Steam.dll Loaded
2014-11-1 16:28:57:982 BlobPath --> C:\Documents and Settings\Administrador\Desktop\DarkRust Oxide 18\ClientRegistry.blob
2014-11-1 16:28:57:982 IniPath --> C:\Documents and Settings\Administrador\Desktop\DarkRust Oxide 18\LumaEmu.ini
2014-11-1 16:28:57:982 CachePath --> c:\program files (x86)\steam\steamapps\
2014-11-1 16:28:57:997 ClientRegistry.blob is found
2014-11-1 16:28:57:997 Using ContentDescriptionRecord
2014-11-1 16:28:58:357 SteamMiniDumpInit
2014-11-1 16:45:42:325 Steam.dll Shutdown
2014-11-1 16:45:56:372 Steam.dll Loaded
2014-11-1 16:45:56:372 BlobPath --> C:\Documents and Settings\Administrador\Desktop\DarkRust Oxide 18\ClientRegistry.blob
2014-11-1 16:45:56:372 IniPath --> C:\Documents and Settings\Administrador\Desktop\DarkRust Oxide 18\LumaEmu.ini
2014-11-1 16:45:56:372 CachePath --> c:\program files (x86)\steam\steamapps\
2014-11-1 16:45:56:372 ClientRegistry.blob is found
2014-11-1 16:45:56:372 Using ContentDescriptionRecord
2014-11-1 16:45:56:669 SteamMiniDumpInit
2014-11-1 16:49:57:763 Steam.dll Shutdown
2014-11-1 17:0:12:825 Steam.dll Loaded
2014-11-1 17:0:12:825 BlobPath --> C:\Documents and Settings\Administrador\Desktop\DarkRust Oxide 18\ClientRegistry.blob
2014-11-1 17:0:12:825 IniPath --> C:\Documents and Settings\Administrador\Desktop\DarkRust Oxide 18\LumaEmu.ini
2014-11-1 17:0:12:825 CachePath --> c:\program files (x86)\steam\steamapps\
2014-11-1 17:0:12:841 ClientRegistry.blob is found
2014-11-1 17:0:12:841 Using ContentDescriptionRecord
2014-11-1 17:0:13:263 SteamMiniDumpInit
2014-11-1 17:1:0:169 Steam.dll Loaded
2014-11-1 17:1:0:169 BlobPath --> C:\Documents and Settings\Administrador\Desktop\DarkRust Oxide 18\ClientRegistry.blob
2014-11-1 17:1:0:169 IniPath --> C:\Documents and Settings\Administrador\Desktop\DarkRust Oxide 18\LumaEmu.ini
2014-11-1 17:1:0:169 CachePath --> c:\program files (x86)\steam\steamapps\
2014-11-1 17:1:0:169 ClientRegistry.blob is found
2014-11-1 17:1:0:169 Using ContentDescriptionRecord
2014-11-1 17:1:0:513 SteamMiniDumpInit
2014-11-1 17:2:27:638 Steam.dll Shutdown
2014-11-1 17:3:39:685 Steam.dll Loaded
2014-11-1 17:3:39:685 BlobPath --> C:\Documents and Settings\Administrador\Desktop\DarkRust Oxide 18\ClientRegistry.blob
2014-11-1 17:3:39:685 IniPath --> C:\Documents and Settings\Administrador\Desktop\DarkRust Oxide 18\LumaEmu.ini
2014-11-1 17:3:39:685 CachePath --> c:\program files (x86)\steam\steamapps\
2014-11-1 17:3:39:685 ClientRegistry.blob is found
2014-11-1 17:3:39:685 Using ContentDescriptionRecord
2014-11-1 17:3:40:28 SteamMiniDumpInit
2014-11-1 17:5:22:622 Steam.dll Shutdown
2014-11-1 17:7:20:200 Steam.dll Loaded
2014-11-1 17:7:20:200 BlobPath --> C:\Documents and Settings\Administrador\Desktop\DarkRust Oxide 18\ClientRegistry.blob
2014-11-1 17:7:20:200 IniPath --> C:\Documents and Settings\Administrador\Desktop\DarkRust Oxide 18\LumaEmu.ini
2014-11-1 17:7:20:200 CachePath --> c:\program files (x86)\steam\steamapps\
2014-11-1 17:7:20:216 ClientRegistry.blob is found
2014-11-1 17:7:20:216 Using ContentDescriptionRecord
2014-11-1 17:7:20:575 SteamMiniDumpInit
2014-11-1 17:13:46:107 Steam.dll Loaded
2014-11-1 17:13:46:107 BlobPath --> C:\Documents and Settings\Administrador\Desktop\DarkRust Oxide 18\ClientRegistry.blob
2014-11-1 17:13:46:107 IniPath --> C:\Documents and Settings\Administrador\Desktop\DarkRust Oxide 18\LumaEmu.ini
2014-11-1 17:13:46:107 CachePath --> c:\program files (x86)\steam\steamapps\
2014-11-1 17:13:46:107 ClientRegistry.blob is found
2014-11-1 17:13:46:107 Using ContentDescriptionRecord
2014-11-1 17:13:46:450 SteamMiniDumpInit
2014-11-1 17:40:35:388 Steam.dll Shutdown
2014-11-1 17:41:17:607 Steam.dll Loaded
2014-11-1 17:41:17:607 BlobPath --> C:\Documents and Settings\Administrador\Desktop\DarkRust Oxide 18\ClientRegistry.blob
2014-11-1 17:41:17:607 IniPath --> C:\Documents and Settings\Administrador\Desktop\DarkRust Oxide 18\LumaEmu.ini
2014-11-1 17:41:17:607 CachePath --> c:\program files (x86)\steam\steamapps\
2014-11-1 17:41:17:622 ClientRegistry.blob is found
2014-11-1 17:41:17:622 Using ContentDescriptionRecord
2014-11-1 17:41:17:997 SteamMiniDumpInit
2014-11-2 0:33:48:997 Steam.dll Shutdown
2014-11-2 0:34:20:91 Steam.dll Loaded
2014-11-2 0:34:20:91 BlobPath --> C:\Documents and Settings\Administrador\Desktop\DarkRust Oxide 18\ClientRegistry.blob
2014-11-2 0:34:20:91 IniPath --> C:\Documents and Settings\Administrador\Desktop\DarkRust Oxide 18\LumaEmu.ini
2014-11-2 0:34:20:91 CachePath --> c:\program files (x86)\steam\steamapps\
2014-11-2 0:34:20:247 ClientRegistry.blob is found
2014-11-2 0:34:20:247 Using ContentDescriptionRecord
2014-11-2 0:34:20:607 SteamMiniDumpInit
2014-11-2 0:36:28:122 Steam.dll Shutdown
2014-11-2 0:36:51:138 Steam.dll Loaded
2014-11-2 0:36:51:138 BlobPath --> C:\Documents and Settings\Administrador\Desktop\DarkRust Oxide 18\ClientRegistry.blob
2014-11-2 0:36:51:138 IniPath --> C:\Documents and Settings\Administrador\Desktop\DarkRust Oxide 18\LumaEmu.ini
2014-11-2 0:36:51:138 CachePath --> c:\program files (x86)\steam\steamapps\
2014-11-2 0:36:51:138 ClientRegistry.blob is found
2014-11-2 0:36:51:138 Using ContentDescriptionRecord
2014-11-2 0:36:51:513 SteamMiniDumpInit
2014-11-2 19:23:26:778 SteamWriteMiniDumpSetComment
2014-11-2 19:23:26:778 SteamWriteMiniDumpUsingExceptionInfoWithBuildId
2014-11-2 19:23:26:825 Steam.dll Shutdown
2014-11-2 19:24:8:544 Steam.dll Loaded
2014-11-2 19:24:8:544 BlobPath --> C:\Documents and Settings\Administrador\Desktop\DarkRust Oxide 18\ClientRegistry.blob
2014-11-2 19:24:8:544 IniPath --> C:\Documents and Settings\Administrador\Desktop\DarkRust Oxide 18\LumaEmu.ini
2014-11-2 19:24:8:544 CachePath --> c:\program files (x86)\steam\steamapps\
2014-11-2 19:24:8:809 ClientRegistry.blob is found
2014-11-2 19:24:8:809 Using ContentDescriptionRecord
2014-11-2 19:24:9:122 SteamMiniDumpInit
2014-11-2 22:49:34:341 Steam.dll Loaded
2014-11-2 22:49:34:341 BlobPath --> C:\Documents and Settings\Administrador\Desktop\DarkRust Oxide 18\ClientRegistry.blob
2014-11-2 22:49:34:341 IniPath --> C:\Documents and Settings\Administrador\Desktop\DarkRust Oxide 18\LumaEmu.ini
2014-11-2 22:49:34:341 CachePath --> c:\program files (x86)\steam\steamapps\
2014-11-2 22:49:34:341 ClientRegistry.blob is found
2014-11-2 22:49:34:341 Using ContentDescriptionRecord
2014-11-2 22:49:34:669 SteamMiniDumpInit
2014-11-2 22:59:7:888 Steam.dll Shutdown
2014-11-2 23:3:47:856 Steam.dll Loaded
2014-11-2 23:3:47:856 BlobPath --> C:\Documents and Settings\Administrador\Desktop\DarkRust Oxide 18\ClientRegistry.blob
2014-11-2 23:3:47:856 IniPath --> C:\Documents and Settings\Administrador\Desktop\DarkRust Oxide 18\LumaEmu.ini
2014-11-2 23:3:47:856 CachePath --> c:\program files (x86)\steam\steamapps\
2014-11-2 23:3:47:856 ClientRegistry.blob is found
2014-11-2 23:3:47:856 Using ContentDescriptionRecord
2014-11-2 23:3:48:200 SteamMiniDumpInit
2014-11-2 23:15:21:450 Steam.dll Loaded
2014-11-2 23:15:21:450 BlobPath --> C:\Documents and Settings\Administrador\Desktop\DarkRust Oxide 18\ClientRegistry.blob
2014-11-2 23:15:21:450 IniPath --> C:\Documents and Settings\Administrador\Desktop\DarkRust Oxide 18\LumaEmu.ini
2014-11-2 23:15:21:450 CachePath --> c:\program files (x86)\steam\steamapps\
2014-11-2 23:15:21:450 ClientRegistry.blob is found
2014-11-2 23:15:21:450 Using ContentDescriptionRecord
2014-11-2 23:15:21:872 SteamMiniDumpInit
2014-11-2 23:19:17:872 Steam.dll Shutdown
2014-11-2 23:19:45:872 Steam.dll Loaded
2014-11-2 23:19:45:872 BlobPath --> C:\Documents and Settings\Administrador\Desktop\DarkRust Oxide 18\ClientRegistry.blob
2014-11-2 23:19:45:872 IniPath --> C:\Documents and Settings\Administrador\Desktop\DarkRust Oxide 18\LumaEmu.ini
2014-11-2 23:19:45:872 CachePath --> c:\program files (x86)\steam\steamapps\
2014-11-2 23:19:45:888 ClientRegistry.blob is found
2014-11-2 23:19:45:888 Using ContentDescriptionRecord
2014-11-2 23:19:46:216 SteamMiniDumpInit
2014-11-2 23:35:56:309 Steam.dll Loaded
2014-11-2 23:35:56:309 BlobPath --> C:\Documents and Settings\Administrador\Desktop\DarkRust Oxide 18\ClientRegistry.blob
2014-11-2 23:35:56:309 IniPath --> C:\Documents and Settings\Administrador\Desktop\DarkRust Oxide 18\LumaEmu.ini
2014-11-2 23:35:56:309 CachePath --> c:\program files (x86)\steam\steamapps\
2014-11-2 23:35:56:309 ClientRegistry.blob is found
2014-11-2 23:35:56:309 Using ContentDescriptionRecord
2014-11-2 23:35:56:653 SteamMiniDumpInit
2014-11-2 23:49:2:403 Steam.dll Loaded
2014-11-2 23:49:2:403 BlobPath --> C:\Documents and Settings\Administrador\Desktop\DarkRust Oxide 18\ClientRegistry.blob
2014-11-2 23:49:2:403 IniPath --> C:\Documents and Settings\Administrador\Desktop\DarkRust Oxide 18\LumaEmu.ini
2014-11-2 23:49:2:403 CachePath --> c:\program files (x86)\steam\steamapps\
2014-11-2 23:49:2:403 ClientRegistry.blob is found
2014-11-2 23:49:2:403 Using ContentDescriptionRecord
2014-11-2 23:49:2:716 SteamMiniDumpInit
2014-11-2 23:50:17:419 Steam.dll Loaded
2014-11-2 23:50:17:419 BlobPath --> C:\Documents and Settings\Administrador\Desktop\DarkRust Oxide 18\ClientRegistry.blob
2014-11-2 23:50:17:419 IniPath --> C:\Documents and Settings\Administrador\Desktop\DarkRust Oxide 18\LumaEmu.ini
2014-11-2 23:50:17:419 CachePath --> c:\program files (x86)\steam\steamapps\
2014-11-2 23:50:17:419 ClientRegistry.blob is found
2014-11-2 23:50:17:419 Using ContentDescriptionRecord
2014-11-2 23:50:17:669 SteamMiniDumpInit
2014-11-2 23:50:58:231 Steam.dll Loaded
2014-11-2 23:50:58:231 BlobPath --> C:\Documents and Settings\Administrador\Desktop\DarkRust Oxide 18\ClientRegistry.blob
2014-11-2 23:50:58:231 IniPath --> C:\Documents and Settings\Administrador\Desktop\DarkRust Oxide 18\LumaEmu.ini
2014-11-2 23:50:58:231 CachePath --> c:\program files (x86)\steam\steamapps\
2014-11-2 23:50:58:247 ClientRegistry.blob is found
2014-11-2 23:50:58:247 Using ContentDescriptionRecord
2014-11-2 23:50:58:513 SteamMiniDumpInit
2014-11-2 23:52:27:122 Steam.dll Loaded
2014-11-2 23:52:27:122 BlobPath --> C:\Documents and Settings\Administrador\Desktop\DarkRust Oxide 18\ClientRegistry.blob
2014-11-2 23:52:27:122 IniPath --> C:\Documents and Settings\Administrador\Desktop\DarkRust Oxide 18\LumaEmu.ini
2014-11-2 23:52:27:122 CachePath --> c:\program files (x86)\steam\steamapps\
2014-11-2 23:52:27:122 ClientRegistry.blob is found
2014-11-2 23:52:27:122 Using ContentDescriptionRecord
2014-11-2 23:52:27:466 SteamMiniDumpInit
2014-11-2 23:54:21:669 Steam.dll Shutdown
2014-11-2 23:57:26:434 Steam.dll Loaded
2014-11-2 23:57:26:434 BlobPath --> C:\Documents and Settings\Administrador\Desktop\DarkRust Oxide 18\ClientRegistry.blob
2014-11-2 23:57:26:450 IniPath --> C:\Documents and Settings\Administrador\Desktop\DarkRust Oxide 18\LumaEmu.ini
2014-11-2 23:57:26:450 CachePath --> c:\program files (x86)\steam\steamapps\
2014-11-2 23:57:26:450 ClientRegistry.blob is found
2014-11-2 23:57:26:450 Using ContentDescriptionRecord
2014-11-2 23:57:26:778 SteamMiniDumpInit
2014-11-2 23:59:42:169 Steam.dll Shutdown
2014-11-3 0:1:45:778 Steam.dll Loaded
2014-11-3 0:1:45:778 BlobPath --> C:\Documents and Settings\Administrador\Desktop\DarkRust Oxide 18\ClientRegistry.blob
2014-11-3 0:1:45:778 IniPath --> C:\Documents and Settings\Administrador\Desktop\DarkRust Oxide 18\LumaEmu.ini
2014-11-3 0:1:45:778 CachePath --> c:\program files (x86)\steam\steamapps\
2014-11-3 0:1:45:794 ClientRegistry.blob is found
2014-11-3 0:1:45:794 Using ContentDescriptionRecord
2014-11-3 0:1:46:153 SteamMiniDumpInit
2014-11-3 1:31:21:231 Steam.dll Shutdown
2014-11-3 1:31:57:856 Steam.dll Loaded
2014-11-3 1:31:57:856 BlobPath --> C:\Documents and Settings\Administrador\Desktop\DarkRust Oxide 18\ClientRegistry.blob
2014-11-3 1:31:57:856 IniPath --> C:\Documents and Settings\Administrador\Desktop\DarkRust Oxide 18\LumaEmu.ini
2014-11-3 1:31:57:856 CachePath --> c:\program files (x86)\steam\steamapps\
2014-11-3 1:31:57:872 ClientRegistry.blob is found
2014-11-3 1:31:57:872 Using ContentDescriptionRecord
2014-11-3 1:31:58:184 SteamMiniDumpInit
2014-11-3 14:44:47:559 Steam.dll Shutdown
2014-11-3 14:50:15:544 Steam.dll Loaded
2014-11-3 14:50:15:544 BlobPath --> C:\Documents and Settings\Administrador\Desktop\DarkRust Oxide 18\ClientRegistry.blob
2014-11-3 14:50:15:544 IniPath --> C:\Documents and Settings\Administrador\Desktop\DarkRust Oxide 18\LumaEmu.ini
2014-11-3 14:50:15:544 CachePath --> c:\program files (x86)\steam\steamapps\
2014-11-3 14:50:15:684 ClientRegistry.blob is found
2014-11-3 14:50:15:684 Using ContentDescriptionRecord
2014-11-3 14:50:15:966 SteamMiniDumpInit
2014-11-3 21:21:8:872 Steam.dll Loaded
2014-11-3 21:21:8:888 BlobPath --> C:\Documents and Settings\Administrador\Desktop\DarkRust Oxide 18\ClientRegistry.blob
2014-11-3 21:21:8:888 IniPath --> C:\Documents and Settings\Administrador\Desktop\DarkRust Oxide 18\LumaEmu.ini
2014-11-3 21:21:8:888 CachePath --> c:\program files (x86)\steam\steamapps\
2014-11-3 21:21:8:981 ClientRegistry.blob is found
2014-11-3 21:21:8:981 Using ContentDescriptionRecord
2014-11-3 21:21:9:247 SteamMiniDumpInit
2014-11-3 21:22:1:528 Steam.dll Shutdown
2014-11-3 21:23:1:403 Steam.dll Loaded
2014-11-3 21:23:1:403 BlobPath --> C:\Documents and Settings\Administrador\Desktop\DarkRust Oxide 18\ClientRegistry.blob
2014-11-3 21:23:1:403 IniPath --> C:\Documents and Settings\Administrador\Desktop\DarkRust Oxide 18\LumaEmu.ini
2014-11-3 21:23:1:403 CachePath --> c:\program files (x86)\steam\steamapps\
2014-11-3 21:23:1:403 ClientRegistry.blob is found
2014-11-3 21:23:1:403 Using ContentDescriptionRecord
2014-11-3 21:23:1:684 SteamMiniDumpInit
2014-11-3 21:48:39:216 Steam.dll Loaded
2014-11-3 21:48:39:216 BlobPath --> C:\Documents and Settings\Administrador\Desktop\DarkRust Oxide 18\ClientRegistry.blob
2014-11-3 21:48:39:216 IniPath --> C:\Documents and Settings\Administrador\Desktop\DarkRust Oxide 18\LumaEmu.ini
2014-11-3 21:48:39:216 CachePath --> c:\program files (x86)\steam\steamapps\
2014-11-3 21:48:39:231 ClientRegistry.blob is found
2014-11-3 21:48:39:231 Using ContentDescriptionRecord
2014-11-3 21:48:39:653 SteamMiniDumpInit
2014-11-3 21:51:41:325 Steam.dll Loaded
2014-11-3 21:51:41:325 BlobPath --> C:\Documents and Settings\Administrador\Desktop\DarkRust Oxide 18\ClientRegistry.blob
2014-11-3 21:51:41:325 IniPath --> C:\Documents and Settings\Administrador\Desktop\DarkRust Oxide 18\LumaEmu.ini
2014-11-3 21:51:41:325 CachePath --> c:\program files (x86)\steam\steamapps\
2014-11-3 21:51:41:325 ClientRegistry.blob is found
2014-11-3 21:51:41:325 Using ContentDescriptionRecord
2014-11-3 21:51:41:669 SteamMiniDumpInit
2014-11-3 21:53:30:75 Steam.dll Shutdown
2014-11-3 21:55:44:75 Steam.dll Loaded
2014-11-3 21:55:44:75 BlobPath --> C:\Documents and Settings\Administrador\Desktop\DarkRust Oxide 18\ClientRegistry.blob
2014-11-3 21:55:44:75 IniPath --> C:\Documents and Settings\Administrador\Desktop\DarkRust Oxide 18\LumaEmu.ini
2014-11-3 21:55:44:75 CachePath --> c:\program files (x86)\steam\steamapps\
2014-11-3 21:55:44:91 ClientRegistry.blob is found
2014-11-3 21:55:44:91 Using ContentDescriptionRecord
2014-11-3 21:55:44:434 SteamMiniDumpInit
2014-11-4 11:14:11:200 Steam.dll Loaded
2014-11-4 11:14:11:216 BlobPath --> C:\Documents and Settings\Administrador\Desktop\DarkRust Oxide 18\ClientRegistry.blob
2014-11-4 11:14:11:216 IniPath --> C:\Documents and Settings\Administrador\Desktop\DarkRust Oxide 18\LumaEmu.ini
2014-11-4 11:14:11:216 CachePath --> c:\program files (x86)\steam\steamapps\
2014-11-4 11:14:11:747 ClientRegistry.blob is found
2014-11-4 11:14:11:747 Using ContentDescriptionRecord
2014-11-4 11:14:11:950 SteamMiniDumpInit
2014-11-4 14:37:55:13 Steam.dll Loaded
2014-11-4 14:37:55:59 BlobPath --> C:\Documents and Settings\Administrador\Desktop\DarkRust Oxide 18\ClientRegistry.blob
2014-11-4 14:37:55:59 IniPath --> C:\Documents and Settings\Administrador\Desktop\DarkRust Oxide 18\LumaEmu.ini
2014-11-4 14:37:55:59 CachePath --> c:\program files (x86)\steam\steamapps\
2014-11-4 14:37:55:153 ClientRegistry.blob is found
2014-11-4 14:37:55:153 Using ContentDescriptionRecord
2014-11-4 14:37:55:419 SteamMiniDumpInit
2014-11-5 23:4:21:232 Steam.dll Loaded
2014-11-5 23:4:21:247 BlobPath --> C:\Documents and Settings\Administrador\Desktop\DarkRust Oxide 18\ClientRegistry.blob
2014-11-5 23:4:21:247 IniPath --> C:\Documents and Settings\Administrador\Desktop\DarkRust Oxide 18\LumaEmu.ini
2014-11-5 23:4:21:247 CachePath --> c:\program files (x86)\steam\steamapps\
2014-11-5 23:4:21:451 ClientRegistry.blob is found
2014-11-5 23:4:21:451 Using ContentDescriptionRecord
2014-11-5 23:4:21:654 SteamMiniDumpInit
2015-4-22 15:32:41:710 Steam.dll Loaded
2015-4-22 15:32:41:711 BlobPath --> C:\Users\DokiTV\Desktop\DarkRust - Server files\ClientRegistry.blob
2015-4-22 15:32:41:712 IniPath --> C:\Users\DokiTV\Desktop\DarkRust - Server files\LumaEmu.ini
2015-4-22 15:32:41:713 CachePath --> c:\program files (x86)\steam\steamapps\
2015-4-22 15:32:41:734 ClientRegistry.blob is found
2015-4-22 15:32:41:735 Using ContentDescriptionRecord
2015-4-22 15:32:42:266 SteamMiniDumpInit
2015-4-22 15:35:43:626 Steam.dll Shutdown
2015-4-22 15:37:42:233 Steam.dll Loaded
2015-4-22 15:37:42:234 BlobPath --> C:\Users\DokiTV\Desktop\DarkRust - Server files\ClientRegistry.blob
2015-4-22 15:37:42:235 IniPath --> C:\Users\DokiTV\Desktop\DarkRust - Server files\LumaEmu.ini
2015-4-22 15:37:42:236 CachePath --> c:\program files (x86)\steam\steamapps\
2015-4-22 15:37:42:315 ClientRegistry.blob is found
2015-4-22 15:37:42:316 Using ContentDescriptionRecord
2015-4-22 15:37:43:152 SteamMiniDumpInit
2015-4-22 15:48:24:279 Steam.dll Shutdown
2015-4-22 15:50:10:778 Steam.dll Loaded
2015-4-22 15:50:10:785 BlobPath --> C:\Users\DokiTV\Desktop\DarkRust - Server files\ClientRegistry.blob
2015-4-22 15:50:10:786 IniPath --> C:\Users\DokiTV\Desktop\DarkRust - Server files\LumaEmu.ini
2015-4-22 15:50:10:786 CachePath --> c:\program files (x86)\steam\steamapps\
2015-4-22 15:50:10:852 ClientRegistry.blob is found
2015-4-22 15:50:10:854 Using ContentDescriptionRecord
2015-4-22 15:50:11:331 SteamMiniDumpInit
2015-4-30 12:13:20:37 Steam.dll Loaded
2015-4-30 12:13:20:52 BlobPath --> C:\Games\DarkRust - Server files\ClientRegistry.blob
2015-4-30 12:13:20:53 IniPath --> C:\Games\DarkRust - Server files\LumaEmu.ini
2015-4-30 12:13:20:53 CachePath --> c:\program files (x86)\steam\steamapps\
2015-4-30 12:13:20:150 ClientRegistry.blob is found
2015-4-30 12:13:20:151 Using ContentDescriptionRecord
2015-4-30 12:13:20:646 SteamMiniDumpInit
2015-4-30 12:16:23:637 Steam.dll Loaded
2015-4-30 12:16:23:638 BlobPath --> C:\Games\DarkRust - Server files\ClientRegistry.blob
2015-4-30 12:16:23:638 IniPath --> C:\Games\DarkRust - Server files\LumaEmu.ini
2015-4-30 12:16:23:638 CachePath --> c:\program files (x86)\steam\steamapps\
2015-4-30 12:16:23:744 ClientRegistry.blob is found
2015-4-30 12:16:23:744 Using ContentDescriptionRecord
2015-4-30 12:16:24:212 SteamMiniDumpInit
2015-4-30 12:38:41:614 Steam.dll Loaded
2015-4-30 12:38:41:631 BlobPath --> C:\Games\DarkRust - Server files\ClientRegistry.blob
2015-4-30 12:38:41:632 IniPath --> C:\Games\DarkRust - Server files\LumaEmu.ini
2015-4-30 12:38:41:632 CachePath --> c:\program files (x86)\steam\steamapps\
2015-4-30 12:38:41:711 ClientRegistry.blob is found
2015-4-30 12:38:41:711 Using ContentDescriptionRecord
2015-4-30 12:38:42:513 SteamMiniDumpInit
2015-4-30 12:45:12:473 Steam.dll Loaded
2015-4-30 12:45:12:490 BlobPath --> C:\Games\DarkRust - Server files\ClientRegistry.blob
2015-4-30 12:45:12:491 IniPath --> C:\Games\DarkRust - Server files\LumaEmu.ini
2015-4-30 12:45:12:492 CachePath --> c:\program files (x86)\steam\steamapps\
2015-4-30 12:45:12:582 ClientRegistry.blob is found
2015-4-30 12:45:12:583 Using ContentDescriptionRecord
2015-4-30 12:45:13:481 SteamMiniDumpInit
2015-4-30 12:52:59:933 Steam.dll Loaded
2015-4-30 12:52:59:941 BlobPath --> C:\Games\DarkRust - Server files\ClientRegistry.blob
2015-4-30 12:52:59:942 IniPath --> C:\Games\DarkRust - Server files\LumaEmu.ini
2015-4-30 12:52:59:943 CachePath --> c:\program files (x86)\steam\steamapps\
2015-4-30 12:53:0:17 ClientRegistry.blob is found
2015-4-30 12:53:0:18 Using ContentDescriptionRecord
2015-4-30 12:53:0:504 SteamMiniDumpInit
2015-5-3 17:0:32:685 Steam.dll Loaded
2015-5-3 17:0:32:694 BlobPath --> C:\Games\DarkRust - Server files\ClientRegistry.blob
2015-5-3 17:0:32:695 IniPath --> C:\Games\DarkRust - Server files\LumaEmu.ini
2015-5-3 17:0:32:695 CachePath --> c:\program files (x86)\steam\steamapps\
2015-5-3 17:0:32:842 ClientRegistry.blob is found
2015-5-3 17:0:32:846 Using ContentDescriptionRecord
2015-5-3 17:0:33:501 SteamMiniDumpInit
2015-5-3 17:2:7:490 Steam.dll Loaded
2015-5-3 17:2:7:490 BlobPath --> C:\Games\DarkRust - Server files\ClientRegistry.blob
2015-5-3 17:2:7:491 IniPath --> C:\Games\DarkRust - Server files\LumaEmu.ini
2015-5-3 17:2:7:492 CachePath --> c:\program files (x86)\steam\steamapps\
2015-5-3 17:2:7:511 ClientRegistry.blob is found
2015-5-3 17:2:7:511 Using ContentDescriptionRecord
2015-5-3 17:2:8:240 SteamMiniDumpInit
2015-5-3 17:8:51:710 Steam.dll Loaded
2015-5-3 17:8:51:728 BlobPath --> C:\Games\DarkRust - Server files\ClientRegistry.blob
2015-5-3 17:8:51:728 IniPath --> C:\Games\DarkRust - Server files\LumaEmu.ini
2015-5-3 17:8:51:728 CachePath --> c:\program files (x86)\steam\steamapps\
2015-5-3 17:8:51:806 ClientRegistry.blob is found
2015-5-3 17:8:51:807 Using ContentDescriptionRecord
2015-5-3 17:8:52:274 SteamMiniDumpInit
2015-5-3 17:15:11:154 Steam.dll Loaded
2015-5-3 17:15:11:179 BlobPath --> C:\Games\DarkRust - Server files\ClientRegistry.blob
2015-5-3 17:15:11:181 IniPath --> C:\Games\DarkRust - Server files\LumaEmu.ini
2015-5-3 17:15:11:182 CachePath --> c:\program files (x86)\steam\steamapps\
2015-5-3 17:15:11:440 ClientRegistry.blob is found
2015-5-3 17:15:11:442 Using ContentDescriptionRecord
2015-5-3 17:15:11:890 SteamMiniDumpInit
2015-5-9 13:24:9:986 Steam.dll Loaded
2015-5-9 13:24:10:4 BlobPath --> C:\Games\DarkRust - Server files\ClientRegistry.blob
2015-5-9 13:24:10:4 IniPath --> C:\Games\DarkRust - Server files\LumaEmu.ini
2015-5-9 13:24:10:4 CachePath --> c:\program files (x86)\steam\steamapps\
2015-5-9 13:24:10:104 ClientRegistry.blob is found
2015-5-9 13:24:10:104 Using ContentDescriptionRecord
2015-5-9 13:24:10:516 SteamMiniDumpInit
2015-5-9 13:26:1:421 Steam.dll Loaded
2015-5-9 13:26:1:421 BlobPath --> C:\Games\DarkRust - Server files\ClientRegistry.blob
2015-5-9 13:26:1:422 IniPath --> C:\Games\DarkRust - Server files\LumaEmu.ini
2015-5-9 13:26:1:422 CachePath --> c:\program files (x86)\steam\steamapps\
2015-5-9 13:26:1:446 ClientRegistry.blob is found
2015-5-9 13:26:1:447 Using ContentDescriptionRecord
2015-5-9 13:26:1:990 SteamMiniDumpInit
2015-5-9 13:28:52:749 Steam.dll Loaded
2015-5-9 13:28:52:750 BlobPath --> C:\Games\DarkRust - Server files\ClientRegistry.blob
2015-5-9 13:28:52:750 IniPath --> C:\Games\DarkRust - Server files\LumaEmu.ini
2015-5-9 13:28:52:750 CachePath --> c:\program files (x86)\steam\steamapps\
2015-5-9 13:28:52:765 ClientRegistry.blob is found
2015-5-9 13:28:52:766 Using ContentDescriptionRecord
2015-5-9 13:28:53:574 SteamMiniDumpInit
2015-5-9 13:30:44:707 Steam.dll Loaded
2015-5-9 13:30:44:708 BlobPath --> C:\Games\DarkRust - Server files\ClientRegistry.blob
2015-5-9 13:30:44:708 IniPath --> C:\Games\DarkRust - Server files\LumaEmu.ini
2015-5-9 13:30:44:708 CachePath --> c:\program files (x86)\steam\steamapps\
2015-5-9 13:30:44:726 ClientRegistry.blob is found
2015-5-9 13:30:44:727 Using ContentDescriptionRecord
2015-5-9 13:30:45:278 SteamMiniDumpInit
2015-5-9 13:33:54:2 Steam.dll Loaded
2015-5-9 13:33:54:2 BlobPath --> C:\Games\DarkRust - Server files\ClientRegistry.blob
2015-5-9 13:33:54:3 IniPath --> C:\Games\DarkRust - Server files\LumaEmu.ini
2015-5-9 13:33:54:3 CachePath --> c:\program files (x86)\steam\steamapps\
2015-5-9 13:33:54:19 ClientRegistry.blob is found
2015-5-9 13:33:54:19 Using ContentDescriptionRecord
2015-5-9 13:33:54:517 SteamMiniDumpInit
2015-5-9 13:35:15:261 Steam.dll Loaded
2015-5-9 13:35:15:262 BlobPath --> C:\Games\DarkRust - Server files\ClientRegistry.blob
2015-5-9 13:35:15:262 IniPath --> C:\Games\DarkRust - Server files\LumaEmu.ini
2015-5-9 13:35:15:262 CachePath --> c:\program files (x86)\steam\steamapps\
2015-5-9 13:35:15:279 ClientRegistry.blob is found
2015-5-9 13:35:15:281 Using ContentDescriptionRecord
2015-5-9 13:35:15:813 SteamMiniDumpInit
2015-6-3 21:23:43:652 Steam.dll Loaded
2015-6-3 21:23:43:666 BlobPath --> C:\Games\DarkRust - Server files\ClientRegistry.blob
2015-6-3 21:23:43:666 IniPath --> C:\Games\DarkRust - Server files\LumaEmu.ini
2015-6-3 21:23:43:667 CachePath --> c:\program files (x86)\steam\steamapps\
2015-6-3 21:23:43:741 ClientRegistry.blob is found
2015-6-3 21:23:43:741 Using ContentDescriptionRecord
2015-6-3 21:23:44:245 SteamMiniDumpInit
2015-6-3 21:34:46:432 Steam.dll Loaded
2015-6-3 21:34:46:446 BlobPath --> C:\Games\DarkRust - Server files\ClientRegistry.blob
2015-6-3 21:34:46:447 IniPath --> C:\Games\DarkRust - Server files\LumaEmu.ini
2015-6-3 21:34:46:447 CachePath --> c:\program files (x86)\steam\steamapps\
2015-6-3 21:34:46:632 ClientRegistry.blob is found
2015-6-3 21:34:46:633 Using ContentDescriptionRecord
2015-6-3 21:34:47:379 SteamMiniDumpInit
2015-6-3 22:3:2:817 Steam.dll Loaded
2015-6-3 22:3:2:830 BlobPath --> C:\Games\DarkRust - Server files\ClientRegistry.blob
2015-6-3 22:3:2:831 IniPath --> C:\Games\DarkRust - Server files\LumaEmu.ini
2015-6-3 22:3:2:832 CachePath --> c:\program files (x86)\steam\steamapps\
2015-6-3 22:3:2:952 ClientRegistry.blob is found
2015-6-3 22:3:2:952 Using ContentDescriptionRecord
2015-6-3 22:3:4:170 SteamMiniDumpInit
2015-6-3 22:5:5:761 Steam.dll Loaded
2015-6-3 22:5:5:775 BlobPath --> C:\Games\DarkRust - Server files\ClientRegistry.blob
2015-6-3 22:5:5:776 IniPath --> C:\Games\DarkRust - Server files\LumaEmu.ini
2015-6-3 22:5:5:776 CachePath --> c:\program files (x86)\steam\steamapps\
2015-6-3 22:5:5:818 ClientRegistry.blob is found
2015-6-3 22:5:5:819 Using ContentDescriptionRecord
2015-6-3 22:5:6:835 SteamMiniDumpInit
2015-6-3 22:6:22:392 Steam.dll Loaded
2015-6-3 22:6:22:399 BlobPath --> C:\Games\DarkRust - Server files\ClientRegistry.blob
2015-6-3 22:6:22:400 IniPath --> C:\Games\DarkRust - Server files\LumaEmu.ini
2015-6-3 22:6:22:400 CachePath --> c:\program files (x86)\steam\steamapps\
2015-6-3 22:6:22:425 ClientRegistry.blob is found
2015-6-3 22:6:22:426 Using ContentDescriptionRecord
2015-6-3 22:6:23:250 SteamMiniDumpInit
2015-6-3 22:10:47:917 Steam.dll Loaded
2015-6-3 22:10:47:930 BlobPath --> C:\Games\DarkRust - Server files\ClientRegistry.blob
2015-6-3 22:10:47:931 IniPath --> C:\Games\DarkRust - Server files\LumaEmu.ini
2015-6-3 22:10:47:931 CachePath --> c:\program files (x86)\steam\steamapps\
2015-6-3 22:10:48:0 ClientRegistry.blob is found
2015-6-3 22:10:48:1 Using ContentDescriptionRecord
2015-6-3 22:10:48:508 SteamMiniDumpInit
2015-6-3 22:20:30:12 Steam.dll Loaded
2015-6-3 22:20:30:21 BlobPath --> C:\Games\DarkRust - Server files\ClientRegistry.blob
2015-6-3 22:20:30:22 IniPath --> C:\Games\DarkRust - Server files\LumaEmu.ini
2015-6-3 22:20:30:23 CachePath --> c:\program files (x86)\steam\steamapps\
2015-6-3 22:20:30:101 ClientRegistry.blob is found
2015-6-3 22:20:30:101 Using ContentDescriptionRecord
2015-6-3 22:20:31:67 SteamMiniDumpInit
2015-6-3 22:39:2:290 Steam.dll Loaded
2015-6-3 22:39:2:304 BlobPath --> C:\Games\DarkRust - Server files\ClientRegistry.blob
2015-6-3 22:39:2:304 IniPath --> C:\Games\DarkRust - Server files\LumaEmu.ini
2015-6-3 22:39:2:304 CachePath --> c:\program files (x86)\steam\steamapps\
2015-6-3 22:39:2:372 ClientRegistry.blob is found
2015-6-3 22:39:2:373 Using ContentDescriptionRecord
2015-6-3 22:39:2:830 SteamMiniDumpInit
2015-6-3 22:40:5:418 Steam.dll Loaded
2015-6-3 22:40:5:418 BlobPath --> C:\Games\DarkRust - Server files\ClientRegistry.blob
2015-6-3 22:40:5:419 IniPath --> C:\Games\DarkRust - Server files\LumaEmu.ini
2015-6-3 22:40:5:420 CachePath --> c:\program files (x86)\steam\steamapps\
2015-6-3 22:40:5:444 ClientRegistry.blob is found
2015-6-3 22:40:5:445 Using ContentDescriptionRecord
2015-6-3 22:40:6:293 SteamMiniDumpInit
2015-6-3 22:41:42:933 Steam.dll Loaded
2015-6-3 22:41:42:934 BlobPath --> C:\Games\DarkRust - Server files\ClientRegistry.blob
2015-6-3 22:41:42:936 IniPath --> C:\Games\DarkRust - Server files\LumaEmu.ini
2015-6-3 22:41:42:936 CachePath --> c:\program files (x86)\steam\steamapps\
2015-6-3 22:41:42:978 ClientRegistry.blob is found
2015-6-3 22:41:42:985 Using ContentDescriptionRecord
2015-6-3 22:41:43:751 SteamMiniDumpInit
2015-6-3 22:44:51:410 Steam.dll Loaded
2015-6-3 22:44:51:410 BlobPath --> C:\Games\DarkRust - Server files\ClientRegistry.blob
2015-6-3 22:44:51:411 IniPath --> C:\Games\DarkRust - Server files\LumaEmu.ini
2015-6-3 22:44:51:412 CachePath --> c:\program files (x86)\steam\steamapps\
2015-6-3 22:44:51:444 ClientRegistry.blob is found
2015-6-3 22:44:51:444 Using ContentDescriptionRecord
2015-6-3 22:44:52:262 SteamMiniDumpInit
2015-6-4 15:18:10:293 Steam.dll Loaded
2015-6-4 15:18:10:313 BlobPath --> C:\Games\DarkRust - Server files\ClientRegistry.blob
2015-6-4 15:18:10:314 IniPath --> C:\Games\DarkRust - Server files\LumaEmu.ini
2015-6-4 15:18:10:314 CachePath --> c:\program files (x86)\steam\steamapps\
2015-6-4 15:18:10:394 ClientRegistry.blob is found
2015-6-4 15:18:10:395 Using ContentDescriptionRecord
2015-6-4 15:18:10:888 SteamMiniDumpInit
2015-6-4 15:21:7:602 Steam.dll Loaded
2015-6-4 15:21:7:603 BlobPath --> C:\Games\DarkRust - Server files\ClientRegistry.blob
2015-6-4 15:21:7:603 IniPath --> C:\Games\DarkRust - Server files\LumaEmu.ini
2015-6-4 15:21:7:603 CachePath --> c:\program files (x86)\steam\steamapps\
2015-6-4 15:21:7:623 ClientRegistry.blob is found
2015-6-4 15:21:7:624 Using ContentDescriptionRecord
2015-6-4 15:21:8:166 SteamMiniDumpInit
2015-6-4 15:31:35:1 Steam.dll Loaded
2015-6-4 15:31:35:25 BlobPath --> C:\Games\DarkRust - Server files\ClientRegistry.blob
2015-6-4 15:31:35:26 IniPath --> C:\Games\DarkRust - Server files\LumaEmu.ini
2015-6-4 15:31:35:26 CachePath --> c:\program files (x86)\steam\steamapps\
2015-6-4 15:31:35:100 ClientRegistry.blob is found
2015-6-4 15:31:35:101 Using ContentDescriptionRecord
2015-6-4 15:31:35:528 SteamMiniDumpInit
2015-6-4 15:33:29:65 Steam.dll Loaded
2015-6-4 15:33:29:80 BlobPath --> C:\Games\DarkRust - Server files\ClientRegistry.blob
2015-6-4 15:33:29:80 IniPath --> C:\Games\DarkRust - Server files\LumaEmu.ini
2015-6-4 15:33:29:81 CachePath --> c:\program files (x86)\steam\steamapps\
2015-6-4 15:33:29:185 ClientRegistry.blob is found
2015-6-4 15:33:29:186 Using ContentDescriptionRecord
2015-6-4 15:33:29:623 SteamMiniDumpInit
2015-6-4 15:43:25:476 Steam.dll Loaded
2015-6-4 15:43:25:492 BlobPath --> C:\Games\DarkRust - Server files\ClientRegistry.blob
2015-6-4 15:43:25:492 IniPath --> C:\Games\DarkRust - Server files\LumaEmu.ini
2015-6-4 15:43:25:493 CachePath --> c:\program files (x86)\steam\steamapps\
2015-6-4 15:43:25:600 ClientRegistry.blob is found
2015-6-4 15:43:25:601 Using ContentDescriptionRecord
2015-6-4 15:43:26:32 SteamMiniDumpInit
2015-6-4 16:32:54:135 Steam.dll Loaded
2015-6-4 16:32:54:142 BlobPath --> C:\Games\DarkRust - Server files\ClientRegistry.blob
2015-6-4 16:32:54:142 IniPath --> C:\Games\DarkRust - Server files\LumaEmu.ini
2015-6-4 16:32:54:143 CachePath --> c:\program files (x86)\steam\steamapps\
2015-6-4 16:32:54:275 ClientRegistry.blob is found
2015-6-4 16:32:54:277 Using ContentDescriptionRecord
2015-6-4 16:32:54:725 SteamMiniDumpInit
2015-6-4 16:48:37:867 Steam.dll Shutdown
2015-6-4 16:50:55:423 Steam.dll Loaded
2015-6-4 16:50:55:424 BlobPath --> C:\Games\DarkRust - Server files\ClientRegistry.blob
2015-6-4 16:50:55:424 IniPath --> C:\Games\DarkRust - Server files\LumaEmu.ini
2015-6-4 16:50:55:425 CachePath --> c:\program files (x86)\steam\steamapps\
2015-6-4 16:50:55:537 ClientRegistry.blob is found
2015-6-4 16:50:55:538 Using ContentDescriptionRecord
2015-6-4 16:50:56:205 SteamMiniDumpInit
2015-6-4 16:57:38:165 Steam.dll Loaded
2015-6-4 16:57:38:228 BlobPath --> C:\Games\DarkRust - Server files\ClientRegistry.blob
2015-6-4 16:57:38:229 IniPath --> C:\Games\DarkRust - Server files\LumaEmu.ini
2015-6-4 16:57:38:230 CachePath --> c:\program files (x86)\steam\steamapps\
2015-6-4 16:57:38:305 ClientRegistry.blob is found
2015-6-4 16:57:38:306 Using ContentDescriptionRecord
2015-6-4 16:57:39:690 SteamMiniDumpInit
2015-6-4 17:2:20:262 Steam.dll Loaded
2015-6-4 17:2:20:271 BlobPath --> C:\Games\DarkRust - Server files\ClientRegistry.blob
2015-6-4 17:2:20:272 IniPath --> C:\Games\DarkRust - Server files\LumaEmu.ini
2015-6-4 17:2:20:272 CachePath --> c:\program files (x86)\steam\steamapps\
2015-6-4 17:2:20:379 ClientRegistry.blob is found
2015-6-4 17:2:20:380 Using ContentDescriptionRecord
2015-6-4 17:2:20:808 SteamMiniDumpInit
2015-6-6 13:40:21:125 Steam.dll Loaded
2015-6-6 13:40:21:151 BlobPath --> C:\Games\DarkRust - Server files\ClientRegistry.blob
2015-6-6 13:40:21:151 IniPath --> C:\Games\DarkRust - Server files\LumaEmu.ini
2015-6-6 13:40:21:152 CachePath --> c:\program files (x86)\steam\steamapps\
2015-6-6 13:40:21:228 ClientRegistry.blob is found
2015-6-6 13:40:21:228 Using ContentDescriptionRecord
2015-6-6 13:40:21:703 SteamMiniDumpInit
2015-6-6 13:45:19:156 Steam.dll Loaded
2015-6-6 13:45:19:188 BlobPath --> C:\Games\DarkRust - Server files\ClientRegistry.blob
2015-6-6 13:45:19:189 IniPath --> C:\Games\DarkRust - Server files\LumaEmu.ini
2015-6-6 13:45:19:189 CachePath --> c:\program files (x86)\steam\steamapps\
2015-6-6 13:45:19:273 ClientRegistry.blob is found
2015-6-6 13:45:19:274 Using ContentDescriptionRecord
2015-6-6 13:45:19:699 SteamMiniDumpInit
2015-6-17 21:17:32:987 Steam.dll Loaded
2015-6-17 21:17:32:996 BlobPath --> C:\Games\DarkRust - Server files\ClientRegistry.blob
2015-6-17 21:17:32:997 IniPath --> C:\Games\DarkRust - Server files\LumaEmu.ini
2015-6-17 21:17:32:997 CachePath --> c:\program files (x86)\steam\steamapps\
2015-6-17 21:17:33:77 ClientRegistry.blob is found
2015-6-17 21:17:33:123 Using ContentDescriptionRecord
2015-6-17 21:17:33:690 SteamMiniDumpInit
2015-6-19 11:30:10:847 Steam.dll Loaded
2015-6-19 11:30:10:865 BlobPath --> C:\Games\DarkRust - Server files\ClientRegistry.blob
2015-6-19 11:30:10:865 IniPath --> C:\Games\DarkRust - Server files\LumaEmu.ini
2015-6-19 11:30:10:866 CachePath --> c:\program files (x86)\steam\steamapps\
2015-6-19 11:30:10:928 ClientRegistry.blob is found
2015-6-19 11:30:10:929 Using ContentDescriptionRecord
2015-6-19 11:30:11:404 SteamMiniDumpInit
2015-6-19 11:38:24:701 Steam.dll Shutdown
2015-6-19 11:39:21:954 Steam.dll Loaded
2015-6-19 11:39:21:955 BlobPath --> C:\Games\DarkRust - Server files\ClientRegistry.blob
2015-6-19 11:39:21:957 IniPath --> C:\Games\DarkRust - Server files\LumaEmu.ini
2015-6-19 11:39:21:958 CachePath --> c:\program files (x86)\steam\steamapps\
2015-6-19 11:39:22:20 ClientRegistry.blob is found
2015-6-19 11:39:22:21 Using ContentDescriptionRecord
2015-6-19 11:39:22:516 SteamMiniDumpInit
2015-6-20 14:40:57:783 Steam.dll Loaded
2015-6-20 14:40:57:791 BlobPath --> C:\Games\DarkRust - Server files\ClientRegistry.blob
2015-6-20 14:40:57:791 IniPath --> C:\Games\DarkRust - Server files\LumaEmu.ini
2015-6-20 14:40:57:791 CachePath --> c:\program files (x86)\steam\steamapps\
2015-6-20 14:40:57:857 ClientRegistry.blob is found
2015-6-20 14:40:57:858 Using ContentDescriptionRecord
2015-6-20 14:40:58:710 SteamMiniDumpInit
2015-6-20 14:43:49:358 Steam.dll Loaded
2015-6-20 14:43:49:364 BlobPath --> C:\Games\DarkRust - Server files\ClientRegistry.blob
2015-6-20 14:43:49:366 IniPath --> C:\Games\DarkRust - Server files\LumaEmu.ini
2015-6-20 14:43:49:367 CachePath --> c:\program files (x86)\steam\steamapps\
2015-6-20 14:43:49:386 ClientRegistry.blob is found
2015-6-20 14:43:49:387 Using ContentDescriptionRecord
2015-6-20 14:43:49:993 SteamMiniDumpInit
2015-6-20 15:7:38:788 Steam.dll Loaded
2015-6-20 15:7:38:795 BlobPath --> C:\Games\DarkRust - Server files\ClientRegistry.blob
2015-6-20 15:7:38:796 IniPath --> C:\Games\DarkRust - Server files\LumaEmu.ini
2015-6-20 15:7:38:796 CachePath --> c:\program files (x86)\steam\steamapps\
2015-6-20 15:7:38:868 ClientRegistry.blob is found
2015-6-20 15:7:38:869 Using ContentDescriptionRecord
2015-6-20 15:7:39:336 SteamMiniDumpInit
2015-6-20 15:20:51:391 Steam.dll Loaded
2015-6-20 15:20:51:391 BlobPath --> C:\Games\DarkRust - Server files\ClientRegistry.blob
2015-6-20 15:20:51:444 IniPath --> C:\Games\DarkRust - Server files\LumaEmu.ini
2015-6-20 15:20:51:446 CachePath --> c:\program files (x86)\steam\steamapps\
2015-6-20 15:20:51:467 ClientRegistry.blob is found
2015-6-20 15:20:51:467 Using ContentDescriptionRecord
2015-6-20 15:20:52:76 SteamMiniDumpInit
2015-6-20 15:22:31:2 Steam.dll Loaded
2015-6-20 15:22:31:3 BlobPath --> C:\Games\DarkRust - Server files\ClientRegistry.blob
2015-6-20 15:22:31:3 IniPath --> C:\Games\DarkRust - Server files\LumaEmu.ini
2015-6-20 15:22:31:3 CachePath --> c:\program files (x86)\steam\steamapps\
2015-6-20 15:22:31:28 ClientRegistry.blob is found
2015-6-20 15:22:31:29 Using ContentDescriptionRecord
2015-6-20 15:22:31:769 SteamMiniDumpInit
2015-6-20 15:28:12:281 Steam.dll Loaded
2015-6-20 15:28:12:281 BlobPath --> C:\Games\DarkRust - Server files\ClientRegistry.blob
2015-6-20 15:28:12:282 IniPath --> C:\Games\DarkRust - Server files\LumaEmu.ini
2015-6-20 15:28:12:282 CachePath --> c:\program files (x86)\steam\steamapps\
2015-6-20 15:28:12:332 ClientRegistry.blob is found
2015-6-20 15:28:12:332 Using ContentDescriptionRecord
2015-6-20 15:28:12:866 SteamMiniDumpInit
2015-6-20 16:1:27:698 Steam.dll Loaded
2015-6-20 16:1:27:699 BlobPath --> C:\Games\DarkRust - Server files\ClientRegistry.blob
2015-6-20 16:1:27:700 IniPath --> C:\Games\DarkRust - Server files\LumaEmu.ini
2015-6-20 16:1:27:701 CachePath --> c:\program files (x86)\steam\steamapps\
2015-6-20 16:1:27:743 ClientRegistry.blob is found
2015-6-20 16:1:27:746 Using ContentDescriptionRecord
2015-6-20 16:1:28:348 SteamMiniDumpInit
2015-6-20 16:21:36:959 Steam.dll Loaded
2015-6-20 16:21:36:959 BlobPath --> C:\Games\DarkRust - Server files\ClientRegistry.blob
2015-6-20 16:21:36:960 IniPath --> C:\Games\DarkRust - Server files\LumaEmu.ini
2015-6-20 16:21:36:960 CachePath --> c:\program files (x86)\steam\steamapps\
2015-6-20 16:21:37:0 ClientRegistry.blob is found
2015-6-20 16:21:37:0 Using ContentDescriptionRecord
2015-6-20 16:21:37:895 SteamMiniDumpInit
2015-6-20 16:28:25:9 Steam.dll Loaded
2015-6-20 16:28:25:9 BlobPath --> C:\Games\DarkRust - Server files\ClientRegistry.blob
2015-6-20 16:28:25:9 IniPath --> C:\Games\DarkRust - Server files\LumaEmu.ini
2015-6-20 16:28:25:9 CachePath --> c:\program files (x86)\steam\steamapps\
2015-6-20 16:28:25:28 ClientRegistry.blob is found
2015-6-20 16:28:25:29 Using ContentDescriptionRecord
2015-6-20 16:28:25:712 SteamMiniDumpInit
2015-6-20 17:5:33:339 Steam.dll Loaded
2015-6-20 17:5:33:340 BlobPath --> C:\Games\DarkRust - Server files\ClientRegistry.blob
2015-6-20 17:5:33:340 IniPath --> C:\Games\DarkRust - Server files\LumaEmu.ini
2015-6-20 17:5:33:343 CachePath --> c:\program files (x86)\steam\steamapps\
2015-6-20 17:5:33:440 ClientRegistry.blob is found
2015-6-20 17:5:33:441 Using ContentDescriptionRecord
2015-6-20 17:5:34:44 SteamMiniDumpInit
2015-7-4 16:41:46:868 Steam.dll Loaded
2015-7-4 16:41:46:885 BlobPath --> C:\Games\DarkRust - Server files\ClientRegistry.blob
2015-7-4 16:41:46:886 IniPath --> C:\Games\DarkRust - Server files\LumaEmu.ini
2015-7-4 16:41:46:887 CachePath --> c:\program files (x86)\steam\steamapps\
2015-7-4 16:41:46:953 ClientRegistry.blob is found
2015-7-4 16:41:46:954 Using ContentDescriptionRecord
2015-7-4 16:41:48:233 SteamMiniDumpInit
2015-7-11 16:23:57:184 Steam.dll Loaded
2015-7-11 16:23:57:195 BlobPath --> C:\Games\DarkRust - Server files\ClientRegistry.blob
2015-7-11 16:23:57:196 IniPath --> C:\Games\DarkRust - Server files\LumaEmu.ini
2015-7-11 16:23:57:197 CachePath --> c:\program files (x86)\steam\steamapps\
2015-7-11 16:23:57:256 ClientRegistry.blob is found
2015-7-11 16:23:57:261 Using ContentDescriptionRecord
2015-7-11 16:23:57:750 SteamMiniDumpInit
2015-7-11 16:38:2:429 Steam.dll Loaded
2015-7-11 16:38:2:450 BlobPath --> C:\Games\DarkRust - Server files\ClientRegistry.blob
2015-7-11 16:38:2:451 IniPath --> C:\Games\DarkRust - Server files\LumaEmu.ini
2015-7-11 16:38:2:452 CachePath --> c:\program files (x86)\steam\steamapps\
2015-7-11 16:38:2:516 ClientRegistry.blob is found
2015-7-11 16:38:2:517 Using ContentDescriptionRecord
2015-7-11 16:38:3:129 SteamMiniDumpInit
2015-7-11 16:44:28:734 Steam.dll Loaded
2015-7-11 16:44:28:745 BlobPath --> C:\Games\DarkRust - Server files\ClientRegistry.blob
2015-7-11 16:44:28:746 IniPath --> C:\Games\DarkRust - Server files\LumaEmu.ini
2015-7-11 16:44:28:746 CachePath --> c:\program files (x86)\steam\steamapps\
2015-7-11 16:44:28:807 ClientRegistry.blob is found
2015-7-11 16:44:28:807 Using ContentDescriptionRecord
2015-7-11 16:44:29:510 SteamMiniDumpInit
2015-7-11 16:52:51:764 Steam.dll Loaded
2015-7-11 16:52:51:779 BlobPath --> C:\Games\DarkRust - Server files\ClientRegistry.blob
2015-7-11 16:52:51:780 IniPath --> C:\Games\DarkRust - Server files\LumaEmu.ini
2015-7-11 16:52:51:780 CachePath --> c:\program files (x86)\steam\steamapps\
2015-7-11 16:52:51:847 ClientRegistry.blob is found
2015-7-11 16:52:51:848 Using ContentDescriptionRecord
2015-7-11 16:52:52:346 SteamMiniDumpInit
2015-7-11 17:12:39:970 Steam.dll Loaded
2015-7-11 17:12:39:988 BlobPath --> C:\Games\DarkRust - Server files\ClientRegistry.blob
2015-7-11 17:12:39:989 IniPath --> C:\Games\DarkRust - Server files\LumaEmu.ini
2015-7-11 17:12:39:989 CachePath --> c:\program files (x86)\steam\steamapps\
2015-7-11 17:12:40:51 ClientRegistry.blob is found
2015-7-11 17:12:40:52 Using ContentDescriptionRecord
2015-7-11 17:12:40:563 SteamMiniDumpInit
2015-7-11 17:15:37:889 Steam.dll Loaded
2015-7-11 17:15:37:903 BlobPath --> C:\Games\DarkRust - Server files\ClientRegistry.blob
2015-7-11 17:15:37:903 IniPath --> C:\Games\DarkRust - Server files\LumaEmu.ini
2015-7-11 17:15:37:904 CachePath --> c:\program files (x86)\steam\steamapps\
2015-7-11 17:15:37:966 ClientRegistry.blob is found
2015-7-11 17:15:37:967 Using ContentDescriptionRecord
2015-7-11 17:15:38:440 SteamMiniDumpInit
2015-7-11 17:47:14:498 Steam.dll Loaded
2015-7-11 17:47:14:511 BlobPath --> C:\Games\DarkRust - Server files\ClientRegistry.blob
2015-7-11 17:47:14:512 IniPath --> C:\Games\DarkRust - Server files\LumaEmu.ini
2015-7-11 17:47:14:512 CachePath --> c:\program files (x86)\steam\steamapps\
2015-7-11 17:47:14:583 ClientRegistry.blob is found
2015-7-11 17:47:14:583 Using ContentDescriptionRecord
2015-7-11 17:47:15:52 SteamMiniDumpInit
2015-7-11 18:24:42:276 Steam.dll Loaded
2015-7-11 18:24:42:276 BlobPath --> C:\Games\DarkRust - Server files\ClientRegistry.blob
2015-7-11 18:24:42:276 IniPath --> C:\Games\DarkRust - Server files\LumaEmu.ini
2015-7-11 18:24:42:277 CachePath --> c:\program files (x86)\steam\steamapps\
2015-7-11 18:24:42:376 ClientRegistry.blob is found
2015-7-11 18:24:42:377 Using ContentDescriptionRecord
2015-7-11 18:24:42:960 SteamMiniDumpInit
2015-7-11 18:48:53:578 Steam.dll Loaded
2015-7-11 18:48:53:579 BlobPath --> C:\Games\DarkRust - Server files\ClientRegistry.blob
2015-7-11 18:48:53:579 IniPath --> C:\Games\DarkRust - Server files\LumaEmu.ini
2015-7-11 18:48:53:580 CachePath --> c:\program files (x86)\steam\steamapps\
2015-7-11 18:48:53:595 ClientRegistry.blob is found
2015-7-11 18:48:53:595 Using ContentDescriptionRecord
2015-7-11 18:48:54:181 SteamMiniDumpInit
2015-7-26 17:1:14:169 Steam.dll Loaded
2015-7-26 17:1:14:203 BlobPath --> C:\Games\1.18\ClientRegistry.blob
2015-7-26 17:1:14:205 IniPath --> C:\Games\1.18\LumaEmu.ini
2015-7-26 17:1:14:205 CachePath --> c:\program files (x86)\steam\steamapps\
2015-7-26 17:1:14:359 ClientRegistry.blob is found
2015-7-26 17:1:14:360 Using ContentDescriptionRecord
2015-7-26 17:1:15:825 SteamMiniDumpInit
2015-7-26 18:57:15:988 Steam.dll Loaded
2015-7-26 18:57:15:996 BlobPath --> C:\Games\1.18\ClientRegistry.blob
2015-7-26 18:57:15:997 IniPath --> C:\Games\1.18\LumaEmu.ini
2015-7-26 18:57:15:997 CachePath --> c:\program files (x86)\steam\steamapps\
2015-7-26 18:57:16:62 ClientRegistry.blob is found
2015-7-26 18:57:16:63 Using ContentDescriptionRecord
2015-7-26 18:57:17:993 SteamMiniDumpInit
2015-7-26 18:59:52:366 Steam.dll Loaded
2015-7-26 18:59:52:378 BlobPath --> C:\Games\1.18\ClientRegistry.blob
2015-7-26 18:59:52:379 IniPath --> C:\Games\1.18\LumaEmu.ini
2015-7-26 18:59:52:379 CachePath --> c:\program files (x86)\steam\steamapps\
2015-7-26 18:59:52:446 ClientRegistry.blob is found
2015-7-26 18:59:52:449 Using ContentDescriptionRecord
2015-7-26 18:59:53:431 SteamMiniDumpInit
2015-7-26 19:3:55:169 Steam.dll Loaded
2015-7-26 19:3:55:180 BlobPath --> C:\Games\1.18\ClientRegistry.blob
2015-7-26 19:3:55:181 IniPath --> C:\Games\1.18\LumaEmu.ini
2015-7-26 19:3:55:185 CachePath --> c:\program files (x86)\steam\steamapps\
2015-7-26 19:3:55:248 ClientRegistry.blob is found
2015-7-26 19:3:55:248 Using ContentDescriptionRecord
2015-7-26 19:3:56:462 SteamMiniDumpInit
2015-7-26 19:6:46:251 Steam.dll Loaded
2015-7-26 19:6:46:264 BlobPath --> C:\Games\1.18\ClientRegistry.blob
2015-7-26 19:6:46:264 IniPath --> C:\Games\1.18\LumaEmu.ini
2015-7-26 19:6:46:265 CachePath --> c:\program files (x86)\steam\steamapps\
2015-7-26 19:6:46:367 ClientRegistry.blob is found
2015-7-26 19:6:46:368 Using ContentDescriptionRecord
2015-7-26 19:6:47:291 SteamMiniDumpInit
2015-7-26 19:10:28:708 Steam.dll Loaded
2015-7-26 19:10:28:731 BlobPath --> C:\Games\1.18\ClientRegistry.blob
2015-7-26 19:10:28:733 IniPath --> C:\Games\1.18\LumaEmu.ini
2015-7-26 19:10:28:733 CachePath --> c:\program files (x86)\steam\steamapps\
2015-7-26 19:10:28:808 ClientRegistry.blob is found
2015-7-26 19:10:28:826 Using ContentDescriptionRecord
2015-7-26 19:10:31:48 SteamMiniDumpInit
2015-7-26 19:12:21:477 Steam.dll Loaded
2015-7-26 19:12:21:657 BlobPath --> C:\Games\1.18\ClientRegistry.blob
2015-7-26 19:12:21:657 IniPath --> C:\Games\1.18\LumaEmu.ini
2015-7-26 19:12:21:658 CachePath --> c:\program files (x86)\steam\steamapps\
2015-7-26 19:12:21:844 ClientRegistry.blob is found
2015-7-26 19:12:21:852 Using ContentDescriptionRecord
2015-7-26 19:12:22:676 SteamMiniDumpInit
2015-7-26 19:24:40:445 Steam.dll Loaded
2015-7-26 19:24:40:460 BlobPath --> C:\Games\1.18\ClientRegistry.blob
2015-7-26 19:24:40:461 IniPath --> C:\Games\1.18\LumaEmu.ini
2015-7-26 19:24:40:461 CachePath --> c:\program files (x86)\steam\steamapps\
2015-7-26 19:24:40:534 ClientRegistry.blob is found
2015-7-26 19:24:40:535 Using ContentDescriptionRecord
2015-7-26 19:24:41:115 SteamMiniDumpInit
2015-7-31 21:7:49:8 Steam.dll Loaded
2015-7-31 21:7:49:18 BlobPath --> C:\Games\1.18\ClientRegistry.blob
2015-7-31 21:7:49:19 IniPath --> C:\Games\1.18\LumaEmu.ini
2015-7-31 21:7:49:19 CachePath --> c:\program files (x86)\steam\steamapps\
2015-7-31 21:7:49:87 ClientRegistry.blob is found
2015-7-31 21:7:49:87 Using ContentDescriptionRecord
2015-7-31 21:7:49:816 SteamMiniDumpInit
2015-7-31 21:18:1:526 Steam.dll Loaded
2015-7-31 21:18:1:556 BlobPath --> C:\Games\1.18\ClientRegistry.blob
2015-7-31 21:18:1:557 IniPath --> C:\Games\1.18\LumaEmu.ini
2015-7-31 21:18:1:559 CachePath --> c:\program files (x86)\steam\steamapps\
2015-7-31 21:18:1:656 ClientRegistry.blob is found
2015-7-31 21:18:1:657 Using ContentDescriptionRecord
2015-7-31 21:18:2:291 SteamMiniDumpInit
2015-7-31 21:42:30:409 Steam.dll Loaded
2015-7-31 21:42:30:422 BlobPath --> C:\Games\1.18\ClientRegistry.blob
2015-7-31 21:42:30:423 IniPath --> C:\Games\1.18\LumaEmu.ini
2015-7-31 21:42:30:423 CachePath --> c:\program files (x86)\steam\steamapps\
2015-7-31 21:42:30:562 ClientRegistry.blob is found
2015-7-31 21:42:30:563 Using ContentDescriptionRecord
2015-7-31 21:42:31:211 SteamMiniDumpInit
2015-7-31 21:50:14:810 Steam.dll Loaded
2015-7-31 21:50:14:850 BlobPath --> C:\Games\1.18\ClientRegistry.blob
2015-7-31 21:50:14:851 IniPath --> C:\Games\1.18\LumaEmu.ini
2015-7-31 21:50:14:851 CachePath --> c:\program files (x86)\steam\steamapps\
2015-7-31 21:50:14:938 ClientRegistry.blob is found
2015-7-31 21:50:14:939 Using ContentDescriptionRecord
2015-7-31 21:50:15:769 SteamMiniDumpInit
2015-8-8 16:49:48:224 Steam.dll Loaded
2015-8-8 16:49:48:234 BlobPath --> C:\Games\1.18\ClientRegistry.blob
2015-8-8 16:49:48:234 IniPath --> C:\Games\1.18\LumaEmu.ini
2015-8-8 16:49:48:235 CachePath --> c:\program files (x86)\steam\steamapps\
2015-8-8 16:49:48:327 ClientRegistry.blob is found
2015-8-8 16:49:48:328 Using ContentDescriptionRecord
2015-8-8 16:49:49:132 SteamMiniDumpInit
2015-8-8 17:27:50:583 Steam.dll Loaded
2015-8-8 17:27:50:600 BlobPath --> C:\Games\1.18\ClientRegistry.blob
2015-8-8 17:27:50:601 IniPath --> C:\Games\1.18\LumaEmu.ini
2015-8-8 17:27:50:601 CachePath --> c:\program files (x86)\steam\steamapps\
2015-8-8 17:27:50:676 ClientRegistry.blob is found
2015-8-8 17:27:50:677 Using ContentDescriptionRecord
2015-8-8 17:27:51:339 SteamMiniDumpInit
2015-8-8 17:44:32:465 Steam.dll Loaded
2015-8-8 17:44:32:478 BlobPath --> C:\Games\1.18\ClientRegistry.blob
2015-8-8 17:44:32:479 IniPath --> C:\Games\1.18\LumaEmu.ini
2015-8-8 17:44:32:479 CachePath --> c:\program files (x86)\steam\steamapps\
2015-8-8 17:44:32:570 ClientRegistry.blob is found
2015-8-8 17:44:32:570 Using ContentDescriptionRecord
2015-8-8 17:44:33:166 SteamMiniDumpInit
2015-8-8 18:32:35:89 Steam.dll Loaded
2015-8-8 18:32:35:96 BlobPath --> C:\Games\1.18\ClientRegistry.blob
2015-8-8 18:32:35:98 IniPath --> C:\Games\1.18\LumaEmu.ini
2015-8-8 18:32:35:99 CachePath --> c:\program files (x86)\steam\steamapps\
2015-8-8 18:32:35:178 ClientRegistry.blob is found
2015-8-8 18:32:35:179 Using ContentDescriptionRecord
2015-8-8 18:32:36:216 SteamMiniDumpInit
2015-8-9 12:40:4:215 Steam.dll Loaded
2015-8-9 12:40:4:226 BlobPath --> C:\Games\1.18\ClientRegistry.blob
2015-8-9 12:40:4:227 IniPath --> C:\Games\1.18\LumaEmu.ini
2015-8-9 12:40:4:237 CachePath --> c:\program files (x86)\steam\steamapps\
2015-8-9 12:40:4:367 ClientRegistry.blob is found
2015-8-9 12:40:4:367 Using ContentDescriptionRecord
2015-8-9 12:40:5:118 SteamMiniDumpInit
2015-8-9 13:58:38:875 Steam.dll Loaded
2015-8-9 13:58:38:889 BlobPath --> C:\Games\1.18\ClientRegistry.blob
2015-8-9 13:58:38:889 IniPath --> C:\Games\1.18\LumaEmu.ini
2015-8-9 13:58:38:890 CachePath --> c:\program files (x86)\steam\steamapps\
2015-8-9 13:58:39:1 ClientRegistry.blob is found
2015-8-9 13:58:39:19 Using ContentDescriptionRecord
2015-8-9 13:58:39:751 SteamMiniDumpInit
2015-8-9 14:20:50:606 Steam.dll Loaded
2015-8-9 14:20:50:625 BlobPath --> C:\Games\1.18\ClientRegistry.blob
2015-8-9 14:20:50:625 IniPath --> C:\Games\1.18\LumaEmu.ini
2015-8-9 14:20:50:626 CachePath --> c:\program files (x86)\steam\steamapps\
2015-8-9 14:20:50:767 ClientRegistry.blob is found
2015-8-9 14:20:50:768 Using ContentDescriptionRecord
2015-8-9 14:20:53:163 SteamMiniDumpInit
2015-8-9 14:40:25:861 Steam.dll Loaded
2015-8-9 14:40:25:874 BlobPath --> C:\Games\1.18\ClientRegistry.blob
2015-8-9 14:40:25:875 IniPath --> C:\Games\1.18\LumaEmu.ini
2015-8-9 14:40:25:875 CachePath --> c:\program files (x86)\steam\steamapps\
2015-8-9 14:40:25:910 ClientRegistry.blob is found
2015-8-9 14:40:25:911 Using ContentDescriptionRecord
2015-8-9 14:40:26:758 SteamMiniDumpInit
2015-8-10 19:22:20:841 Steam.dll Loaded
2015-8-10 19:22:20:849 BlobPath --> C:\Games\1.18\ClientRegistry.blob
2015-8-10 19:22:20:851 IniPath --> C:\Games\1.18\LumaEmu.ini
2015-8-10 19:22:20:851 CachePath --> c:\program files (x86)\steam\steamapps\
2015-8-10 19:22:20:932 ClientRegistry.blob is found
2015-8-10 19:22:20:934 Using ContentDescriptionRecord
2015-8-10 19:22:21:708 SteamMiniDumpInit
2015-8-10 19:40:12:973 Steam.dll Loaded
2015-8-10 19:40:12:983 BlobPath --> C:\Games\1.18\ClientRegistry.blob
2015-8-10 19:40:12:984 IniPath --> C:\Games\1.18\LumaEmu.ini
2015-8-10 19:40:12:984 CachePath --> c:\program files (x86)\steam\steamapps\
2015-8-10 19:40:13:71 ClientRegistry.blob is found
2015-8-10 19:40:13:72 Using ContentDescriptionRecord
2015-8-10 19:40:13:812 SteamMiniDumpInit
2015-8-10 20:1:51:353 Steam.dll Loaded
2015-8-10 20:1:51:369 BlobPath --> C:\Games\1.18\ClientRegistry.blob
2015-8-10 20:1:51:370 IniPath --> C:\Games\1.18\LumaEmu.ini
2015-8-10 20:1:51:371 CachePath --> c:\program files (x86)\steam\steamapps\
2015-8-10 20:1:51:448 ClientRegistry.blob is found
2015-8-10 20:1:51:449 Using ContentDescriptionRecord
2015-8-10 20:1:53:80 SteamMiniDumpInit
2015-8-10 20:30:44:308 Steam.dll Loaded
2015-8-10 20:30:44:317 BlobPath --> C:\Games\1.18\ClientRegistry.blob
2015-8-10 20:30:44:318 IniPath --> C:\Games\1.18\LumaEmu.ini
2015-8-10 20:30:44:330 CachePath --> c:\program files (x86)\steam\steamapps\
2015-8-10 20:30:44:492 ClientRegistry.blob is found
2015-8-10 20:30:44:493 Using ContentDescriptionRecord
2015-8-10 20:30:45:554 SteamMiniDumpInit
2015-8-10 21:2:55:124 Steam.dll Loaded
2015-8-10 21:2:55:130 BlobPath --> C:\Games\1.18\ClientRegistry.blob
2015-8-10 21:2:55:131 IniPath --> C:\Games\1.18\LumaEmu.ini
2015-8-10 21:2:55:131 CachePath --> c:\program files (x86)\steam\steamapps\
2015-8-10 21:2:55:211 ClientRegistry.blob is found
2015-8-10 21:2:55:211 Using ContentDescriptionRecord
2015-8-10 21:2:55:891 SteamMiniDumpInit
2015-8-10 21:4:58:589 Steam.dll Loaded
2015-8-10 21:4:58:605 BlobPath --> C:\Games\1.18\ClientRegistry.blob
2015-8-10 21:4:58:608 IniPath --> C:\Games\1.18\LumaEmu.ini
2015-8-10 21:4:58:609 CachePath --> c:\program files (x86)\steam\steamapps\
2015-8-10 21:4:58:641 ClientRegistry.blob is found
2015-8-10 21:4:58:641 Using ContentDescriptionRecord
2015-8-10 21:5:0:560 SteamMiniDumpInit
2015-8-10 21:6:2:351 Steam.dll Loaded
2015-8-10 21:6:2:351 BlobPath --> C:\Games\1.18\ClientRegistry.blob
2015-8-10 21:6:2:351 IniPath --> C:\Games\1.18\LumaEmu.ini
2015-8-10 21:6:2:356 CachePath --> c:\program files (x86)\steam\steamapps\
2015-8-10 21:6:2:375 ClientRegistry.blob is found
2015-8-10 21:6:2:375 Using ContentDescriptionRecord
2015-8-10 21:6:3:507 SteamMiniDumpInit
2015-8-10 21:7:15:298 Steam.dll Loaded
2015-8-10 21:7:15:298 BlobPath --> C:\Games\1.18\ClientRegistry.blob
2015-8-10 21:7:15:298 IniPath --> C:\Games\1.18\LumaEmu.ini
2015-8-10 21:7:15:299 CachePath --> c:\program files (x86)\steam\steamapps\
2015-8-10 21:7:15:331 ClientRegistry.blob is found
2015-8-10 21:7:15:332 Using ContentDescriptionRecord
2015-8-10 21:7:16:967 SteamMiniDumpInit
2015-8-10 21:9:49:504 Steam.dll Loaded
2015-8-10 21:9:49:513 BlobPath --> C:\Games\1.18\ClientRegistry.blob
2015-8-10 21:9:49:514 IniPath --> C:\Games\1.18\LumaEmu.ini
2015-8-10 21:9:49:514 CachePath --> c:\program files (x86)\steam\steamapps\
2015-8-10 21:9:49:539 ClientRegistry.blob is found
2015-8-10 21:9:49:544 Using ContentDescriptionRecord
2015-8-10 21:9:51:74 SteamMiniDumpInit
2015-8-10 21:15:34:295 Steam.dll Loaded
2015-8-10 21:15:34:296 BlobPath --> C:\Games\1.18\ClientRegistry.blob
2015-8-10 21:15:34:301 IniPath --> C:\Games\1.18\LumaEmu.ini
2015-8-10 21:15:34:302 CachePath --> c:\program files (x86)\steam\steamapps\
2015-8-10 21:15:34:362 ClientRegistry.blob is found
2015-8-10 21:15:34:362 Using ContentDescriptionRecord
2015-8-10 21:15:36:331 SteamMiniDumpInit
2015-8-10 21:17:29:709 Steam.dll Loaded
2015-8-10 21:17:29:710 BlobPath --> C:\Games\1.18\ClientRegistry.blob
2015-8-10 21:17:29:711 IniPath --> C:\Games\1.18\LumaEmu.ini
2015-8-10 21:17:29:711 CachePath --> c:\program files (x86)\steam\steamapps\
2015-8-10 21:17:29:748 ClientRegistry.blob is found
2015-8-10 21:17:29:749 Using ContentDescriptionRecord
2015-8-10 21:17:32:319 SteamMiniDumpInit
2015-8-10 21:24:23:964 Steam.dll Loaded
2015-8-10 21:24:23:994 BlobPath --> C:\Games\1.18\ClientRegistry.blob
2015-8-10 21:24:23:996 IniPath --> C:\Games\1.18\LumaEmu.ini
2015-8-10 21:24:23:996 CachePath --> c:\program files (x86)\steam\steamapps\
2015-8-10 21:24:24:130 ClientRegistry.blob is found
2015-8-10 21:24:24:131 Using ContentDescriptionRecord
2015-8-10 21:24:26:677 SteamMiniDumpInit
2015-8-10 22:8:26:812 Steam.dll Loaded
2015-8-10 22:8:26:831 BlobPath --> C:\Games\1.18\ClientRegistry.blob
2015-8-10 22:8:26:832 IniPath --> C:\Games\1.18\LumaEmu.ini
2015-8-10 22:8:26:835 CachePath --> c:\program files (x86)\steam\steamapps\
2015-8-10 22:8:26:920 ClientRegistry.blob is found
2015-8-10 22:8:26:921 Using ContentDescriptionRecord
2015-8-10 22:8:27:625 SteamMiniDumpInit
2015-8-11 20:40:59:292 Steam.dll Loaded
2015-8-11 20:40:59:303 BlobPath --> C:\Games\1.18\ClientRegistry.blob
2015-8-11 20:40:59:304 IniPath --> C:\Games\1.18\LumaEmu.ini
2015-8-11 20:40:59:305 CachePath --> c:\program files (x86)\steam\steamapps\
2015-8-11 20:40:59:380 ClientRegistry.blob is found
2015-8-11 20:40:59:381 Using ContentDescriptionRecord
2015-8-11 20:41:0:965 SteamMiniDumpInit
2015-8-11 20:45:50:399 Steam.dll Loaded
2015-8-11 20:45:50:408 BlobPath --> C:\Games\1.18\ClientRegistry.blob
2015-8-11 20:45:50:409 IniPath --> C:\Games\1.18\LumaEmu.ini
2015-8-11 20:45:50:409 CachePath --> c:\program files (x86)\steam\steamapps\
2015-8-11 20:45:50:495 ClientRegistry.blob is found
2015-8-11 20:45:50:496 Using ContentDescriptionRecord
2015-8-11 20:45:51:271 SteamMiniDumpInit
2015-8-11 20:48:33:379 Steam.dll Loaded
2015-8-11 20:48:33:393 BlobPath --> C:\Games\1.18\ClientRegistry.blob
2015-8-11 20:48:33:394 IniPath --> C:\Games\1.18\LumaEmu.ini
2015-8-11 20:48:33:394 CachePath --> c:\program files (x86)\steam\steamapps\
2015-8-11 20:48:33:507 ClientRegistry.blob is found
2015-8-11 20:48:33:508 Using ContentDescriptionRecord
2015-8-11 20:48:34:863 SteamMiniDumpInit
2015-8-15 21:25:32:744 Steam.dll Loaded
2015-8-15 21:25:32:766 BlobPath --> C:\Games\1.18\ClientRegistry.blob
2015-8-15 21:25:32:767 IniPath --> C:\Games\1.18\LumaEmu.ini
2015-8-15 21:25:32:768 CachePath --> c:\program files (x86)\steam\steamapps\
2015-8-15 21:25:32:875 ClientRegistry.blob is found
2015-8-15 21:25:32:889 Using ContentDescriptionRecord
2015-8-15 21:25:33:592 SteamMiniDumpInit
2015-8-23 18:8:29:867 Steam.dll Loaded
2015-8-23 18:8:29:937 BlobPath --> C:\Games\1.18\ClientRegistry.blob
2015-8-23 18:8:29:938 IniPath --> C:\Games\1.18\LumaEmu.ini
2015-8-23 18:8:29:939 CachePath --> c:\program files (x86)\steam\steamapps\
2015-8-23 18:8:30:27 ClientRegistry.blob is found
2015-8-23 18:8:30:27 Using ContentDescriptionRecord
2015-8-23 18:8:30:776 SteamMiniDumpInit
2015-8-28 19:38:19:638 Steam.dll Loaded
2015-8-28 19:38:19:663 BlobPath --> C:\Games\1.18\ClientRegistry.blob
2015-8-28 19:38:19:664 IniPath --> C:\Games\1.18\LumaEmu.ini
2015-8-28 19:38:19:665 CachePath --> c:\program files (x86)\steam\steamapps\
2015-8-28 19:38:19:788 ClientRegistry.blob is found
2015-8-28 19:38:19:796 Using ContentDescriptionRecord
2015-8-28 19:38:20:508 SteamMiniDumpInit
2015-8-28 19:48:17:50 Steam.dll Loaded
2015-8-28 19:48:17:60 BlobPath --> C:\Games\1.18\ClientRegistry.blob
2015-8-28 19:48:17:61 IniPath --> C:\Games\1.18\LumaEmu.ini
2015-8-28 19:48:17:61 CachePath --> c:\program files (x86)\steam\steamapps\
2015-8-28 19:48:17:143 ClientRegistry.blob is found
2015-8-28 19:48:17:143 Using ContentDescriptionRecord
2015-8-28 19:48:17:779 SteamMiniDumpInit
2015-8-28 21:26:16:665 Steam.dll Loaded
2015-8-28 21:26:16:673 BlobPath --> C:\Games\1.18\ClientRegistry.blob
2015-8-28 21:26:16:674 IniPath --> C:\Games\1.18\LumaEmu.ini
2015-8-28 21:26:16:675 CachePath --> c:\program files (x86)\steam\steamapps\
2015-8-28 21:26:16:770 ClientRegistry.blob is found
2015-8-28 21:26:16:770 Using ContentDescriptionRecord
2015-8-28 21:26:18:160 SteamMiniDumpInit
2015-8-29 15:7:39:640 Steam.dll Loaded
2015-8-29 15:7:39:663 BlobPath --> C:\Games\1.18\ClientRegistry.blob
2015-8-29 15:7:39:666 IniPath --> C:\Games\1.18\LumaEmu.ini
2015-8-29 15:7:39:666 CachePath --> c:\program files (x86)\steam\steamapps\
2015-8-29 15:7:39:744 ClientRegistry.blob is found
2015-8-29 15:7:39:745 Using ContentDescriptionRecord
2015-8-29 15:7:40:338 SteamMiniDumpInit
2015-9-1 21:46:11:417 Steam.dll Loaded
2015-9-1 21:46:11:427 BlobPath --> C:\Games\1.18\ClientRegistry.blob
2015-9-1 21:46:11:427 IniPath --> C:\Games\1.18\LumaEmu.ini
2015-9-1 21:46:11:428 CachePath --> c:\program files (x86)\steam\steamapps\
2015-9-1 21:46:11:531 ClientRegistry.blob is found
2015-9-1 21:46:11:531 Using ContentDescriptionRecord
2015-9-1 21:46:13:683 SteamMiniDumpInit
2015-9-1 22:33:32:498 Steam.dll Loaded
2015-9-1 22:33:32:508 BlobPath --> C:\Games\1.18\ClientRegistry.blob
2015-9-1 22:33:32:509 IniPath --> C:\Games\1.18\LumaEmu.ini
2015-9-1 22:33:32:509 CachePath --> c:\program files (x86)\steam\steamapps\
2015-9-1 22:33:32:586 ClientRegistry.blob is found
2015-9-1 22:33:32:586 Using ContentDescriptionRecord
2015-9-1 22:33:33:160 SteamMiniDumpInit
2015-9-1 23:7:12:155 Steam.dll Loaded
2015-9-1 23:7:12:164 BlobPath --> C:\Games\1.18\ClientRegistry.blob
2015-9-1 23:7:12:164 IniPath --> C:\Games\1.18\LumaEmu.ini
2015-9-1 23:7:12:166 CachePath --> c:\program files (x86)\steam\steamapps\
2015-9-1 23:7:12:246 ClientRegistry.blob is found
2015-9-1 23:7:12:247 Using ContentDescriptionRecord
2015-9-1 23:7:12:889 SteamMiniDumpInit
2015-9-3 21:7:33:458 Steam.dll Loaded
2015-9-3 21:7:33:466 BlobPath --> C:\Games\1.18\ClientRegistry.blob
2015-9-3 21:7:33:468 IniPath --> C:\Games\1.18\LumaEmu.ini
2015-9-3 21:7:33:470 CachePath --> c:\program files (x86)\steam\steamapps\
2015-9-3 21:7:33:540 ClientRegistry.blob is found
2015-9-3 21:7:33:541 Using ContentDescriptionRecord
2015-9-3 21:7:35:136 SteamMiniDumpInit
2015-9-4 21:58:27:228 Steam.dll Loaded
2015-9-4 21:58:27:252 BlobPath --> C:\Games\1.18\ClientRegistry.blob
2015-9-4 21:58:27:253 IniPath --> C:\Games\1.18\LumaEmu.ini
2015-9-4 21:58:27:254 CachePath --> c:\program files (x86)\steam\steamapps\
2015-9-4 21:58:27:333 ClientRegistry.blob is found
2015-9-4 21:58:27:333 Using ContentDescriptionRecord
2015-9-4 21:58:27:746 SteamMiniDumpInit
2015-9-4 22:3:50:509 Steam.dll Loaded
2015-9-4 22:3:50:519 BlobPath --> C:\Games\1.18\ClientRegistry.blob
2015-9-4 22:3:50:520 IniPath --> C:\Games\1.18\LumaEmu.ini
2015-9-4 22:3:50:521 CachePath --> c:\program files (x86)\steam\steamapps\
2015-9-4 22:3:50:545 ClientRegistry.blob is found
2015-9-4 22:3:50:545 Using ContentDescriptionRecord
2015-9-4 22:3:51:135 SteamMiniDumpInit
2015-9-4 22:4:52:373 Steam.dll Loaded
2015-9-4 22:4:52:388 BlobPath --> C:\Games\1.18\ClientRegistry.blob
2015-9-4 22:4:52:389 IniPath --> C:\Games\1.18\LumaEmu.ini
2015-9-4 22:4:52:389 CachePath --> c:\program files (x86)\steam\steamapps\
2015-9-4 22:4:52:412 ClientRegistry.blob is found
2015-9-4 22:4:52:413 Using ContentDescriptionRecord
2015-9-4 22:4:52:877 SteamMiniDumpInit
2015-9-4 22:5:32:539 Steam.dll Loaded
2015-9-4 22:5:32:539 BlobPath --> C:\Games\1.18\ClientRegistry.blob
2015-9-4 22:5:32:539 IniPath --> C:\Games\1.18\LumaEmu.ini
2015-9-4 22:5:32:540 CachePath --> c:\program files (x86)\steam\steamapps\
2015-9-4 22:5:32:553 ClientRegistry.blob is found
2015-9-4 22:5:32:553 Using ContentDescriptionRecord
2015-9-4 22:5:33:51 SteamMiniDumpInit
2015-9-4 22:8:49:810 Steam.dll Loaded
2015-9-4 22:8:49:818 BlobPath --> C:\Games\1.18\ClientRegistry.blob
2015-9-4 22:8:49:819 IniPath --> C:\Games\1.18\LumaEmu.ini
2015-9-4 22:8:49:819 CachePath --> c:\program files (x86)\steam\steamapps\
2015-9-4 22:8:49:833 ClientRegistry.blob is found
2015-9-4 22:8:49:833 Using ContentDescriptionRecord
2015-9-4 22:8:50:343 SteamMiniDumpInit
2015-9-4 22:14:45:583 Steam.dll Loaded
2015-9-4 22:14:45:584 BlobPath --> C:\Games\1.18\ClientRegistry.blob
2015-9-4 22:14:45:584 IniPath --> C:\Games\1.18\LumaEmu.ini
2015-9-4 22:14:45:585 CachePath --> c:\program files (x86)\steam\steamapps\
2015-9-4 22:14:45:600 ClientRegistry.blob is found
2015-9-4 22:14:45:601 Using ContentDescriptionRecord
2015-9-4 22:14:46:103 SteamMiniDumpInit
2015-9-4 22:18:5:869 Steam.dll Loaded
2015-9-4 22:18:5:869 BlobPath --> C:\Games\1.18\ClientRegistry.blob
2015-9-4 22:18:5:870 IniPath --> C:\Games\1.18\LumaEmu.ini
2015-9-4 22:18:5:870 CachePath --> c:\program files (x86)\steam\steamapps\
2015-9-4 22:18:5:883 ClientRegistry.blob is found
2015-9-4 22:18:5:884 Using ContentDescriptionRecord
2015-9-4 22:18:6:346 SteamMiniDumpInit
2015-9-4 22:28:23:408 Steam.dll Loaded
2015-9-4 22:28:23:409 BlobPath --> C:\Games\1.18\ClientRegistry.blob
2015-9-4 22:28:23:411 IniPath --> C:\Games\1.18\LumaEmu.ini
2015-9-4 22:28:23:412 CachePath --> c:\program files (x86)\steam\steamapps\
2015-9-4 22:28:23:503 ClientRegistry.blob is found
2015-9-4 22:28:23:503 Using ContentDescriptionRecord
2015-9-4 22:28:24:372 SteamMiniDumpInit
2015-9-4 22:46:54:761 Steam.dll Loaded
2015-9-4 22:46:54:777 BlobPath --> C:\Games\1.18\ClientRegistry.blob
2015-9-4 22:46:54:777 IniPath --> C:\Games\1.18\LumaEmu.ini
2015-9-4 22:46:54:780 CachePath --> c:\program files (x86)\steam\steamapps\
2015-9-4 22:46:54:846 ClientRegistry.blob is found
2015-9-4 22:46:54:846 Using ContentDescriptionRecord
2015-9-4 22:46:55:770 SteamMiniDumpInit
2015-9-4 22:53:55:626 Steam.dll Loaded
2015-9-4 22:53:55:632 BlobPath --> C:\Games\1.18\ClientRegistry.blob
2015-9-4 22:53:55:632 IniPath --> C:\Games\1.18\LumaEmu.ini
2015-9-4 22:53:55:633 CachePath --> c:\program files (x86)\steam\steamapps\
2015-9-4 22:53:55:741 ClientRegistry.blob is found
2015-9-4 22:53:55:742 Using ContentDescriptionRecord
2015-9-4 22:53:56:724 SteamMiniDumpInit
2015-9-4 23:5:51:965 Steam.dll Loaded
2015-9-4 23:5:51:965 BlobPath --> C:\Games\1.18\ClientRegistry.blob
2015-9-4 23:5:51:966 IniPath --> C:\Games\1.18\LumaEmu.ini
2015-9-4 23:5:51:967 CachePath --> c:\program files (x86)\steam\steamapps\
2015-9-4 23:5:52:93 ClientRegistry.blob is found
2015-9-4 23:5:52:96 Using ContentDescriptionRecord
2015-9-4 23:5:54:19 SteamMiniDumpInit
2015-9-4 23:25:44:774 Steam.dll Loaded
2015-9-4 23:25:44:780 BlobPath --> C:\Games\1.18\ClientRegistry.blob
2015-9-4 23:25:44:780 IniPath --> C:\Games\1.18\LumaEmu.ini
2015-9-4 23:25:44:781 CachePath --> c:\program files (x86)\steam\steamapps\
2015-9-4 23:25:44:890 ClientRegistry.blob is found
2015-9-4 23:25:44:892 Using ContentDescriptionRecord
2015-9-4 23:25:45:712 SteamMiniDumpInit
2015-9-4 23:28:23:699 Steam.dll Loaded
2015-9-4 23:28:23:700 BlobPath --> C:\Games\1.18\ClientRegistry.blob
2015-9-4 23:28:23:701 IniPath --> C:\Games\1.18\LumaEmu.ini
2015-9-4 23:28:23:702 CachePath --> c:\program files (x86)\steam\steamapps\
2015-9-4 23:28:23:722 ClientRegistry.blob is found
2015-9-4 23:28:23:723 Using ContentDescriptionRecord
2015-9-4 23:28:24:576 SteamMiniDumpInit
2015-9-5 22:26:38:854 Steam.dll Loaded
2015-9-5 22:26:38:866 BlobPath --> C:\Games\1.18\ClientRegistry.blob
2015-9-5 22:26:38:866 IniPath --> C:\Games\1.18\LumaEmu.ini
2015-9-5 22:26:38:869 CachePath --> c:\program files (x86)\steam\steamapps\
2015-9-5 22:26:38:957 ClientRegistry.blob is found
2015-9-5 22:26:38:958 Using ContentDescriptionRecord
2015-9-5 22:26:39:843 SteamMiniDumpInit
2015-9-5 22:46:32:292 Steam.dll Loaded
2015-9-5 22:46:32:298 BlobPath --> C:\Games\1.18\ClientRegistry.blob
2015-9-5 22:46:32:299 IniPath --> C:\Games\1.18\LumaEmu.ini
2015-9-5 22:46:32:299 CachePath --> c:\program files (x86)\steam\steamapps\
2015-9-5 22:46:32:380 ClientRegistry.blob is found
2015-9-5 22:46:32:381 Using ContentDescriptionRecord
2015-9-5 22:46:32:970 SteamMiniDumpInit
2015-9-5 22:48:44:538 Steam.dll Loaded
2015-9-5 22:48:44:539 BlobPath --> C:\Games\1.18\ClientRegistry.blob
2015-9-5 22:48:44:539 IniPath --> C:\Games\1.18\LumaEmu.ini
2015-9-5 22:48:44:540 CachePath --> c:\program files (x86)\steam\steamapps\
2015-9-5 22:48:44:561 ClientRegistry.blob is found
2015-9-5 22:48:44:561 Using ContentDescriptionRecord
2015-9-5 22:48:45:301 SteamMiniDumpInit
2015-9-5 22:49:40:165 Steam.dll Loaded
2015-9-5 22:49:40:166 BlobPath --> C:\Games\1.18\ClientRegistry.blob
2015-9-5 22:49:40:166 IniPath --> C:\Games\1.18\LumaEmu.ini
2015-9-5 22:49:40:166 CachePath --> c:\program files (x86)\steam\steamapps\
2015-9-5 22:49:40:187 ClientRegistry.blob is found
2015-9-5 22:49:40:188 Using ContentDescriptionRecord
2015-9-5 22:49:40:974 SteamMiniDumpInit
2015-9-5 23:34:42:915 Steam.dll Loaded
2015-9-5 23:34:42:927 BlobPath --> C:\Games\1.18\ClientRegistry.blob
2015-9-5 23:34:42:927 IniPath --> C:\Games\1.18\LumaEmu.ini
2015-9-5 23:34:42:927 CachePath --> c:\program files (x86)\steam\steamapps\
2015-9-5 23:34:43:3 ClientRegistry.blob is found
2015-9-5 23:34:43:4 Using ContentDescriptionRecord
2015-9-5 23:34:43:802 SteamMiniDumpInit
2015-9-5 23:44:2:220 Steam.dll Loaded
2015-9-5 23:44:2:231 BlobPath --> C:\Games\1.18\ClientRegistry.blob
2015-9-5 23:44:2:232 IniPath --> C:\Games\1.18\LumaEmu.ini
2015-9-5 23:44:2:233 CachePath --> c:\program files (x86)\steam\steamapps\
2015-9-5 23:44:2:339 ClientRegistry.blob is found
2015-9-5 23:44:2:341 Using ContentDescriptionRecord
2015-9-5 23:44:3:612 SteamMiniDumpInit
2015-9-6 0:8:41:874 Steam.dll Loaded
2015-9-6 0:8:41:892 BlobPath --> C:\Games\1.18\ClientRegistry.blob
2015-9-6 0:8:41:893 IniPath --> C:\Games\1.18\LumaEmu.ini
2015-9-6 0:8:41:894 CachePath --> c:\program files (x86)\steam\steamapps\
2015-9-6 0:8:41:972 ClientRegistry.blob is found
2015-9-6 0:8:41:973 Using ContentDescriptionRecord
2015-9-6 0:8:42:548 SteamMiniDumpInit
2015-9-15 23:10:36:676 Steam.dll Loaded
2015-9-15 23:10:36:691 BlobPath --> C:\Games\1.18\ClientRegistry.blob
2015-9-15 23:10:36:692 IniPath --> C:\Games\1.18\LumaEmu.ini
2015-9-15 23:10:36:692 CachePath --> c:\program files (x86)\steam\steamapps\
2015-9-15 23:10:36:790 ClientRegistry.blob is found
2015-9-15 23:10:36:830 Using ContentDescriptionRecord
2015-9-15 23:10:37:535 SteamMiniDumpInit
2015-10-11 22:30:52:569 Steam.dll Loaded
2015-10-11 22:30:52:582 BlobPath --> C:\Games\1.18\ClientRegistry.blob
2015-10-11 22:30:52:583 IniPath --> C:\Games\1.18\LumaEmu.ini
2015-10-11 22:30:52:583 CachePath --> c:\program files (x86)\steam\steamapps\
2015-10-11 22:30:52:663 ClientRegistry.blob is found
2015-10-11 22:30:52:664 Using ContentDescriptionRecord
2015-10-11 22:30:53:448 SteamMiniDumpInit
2015-10-11 22:31:9:436 Steam.dll Loaded
2015-10-11 22:31:9:436 BlobPath --> C:\Games\1.18\ClientRegistry.blob
2015-10-11 22:31:9:437 IniPath --> C:\Games\1.18\LumaEmu.ini
2015-10-11 22:31:9:437 CachePath --> c:\program files (x86)\steam\steamapps\
2015-10-11 22:31:9:537 ClientRegistry.blob is found
2015-10-11 22:31:9:538 Using ContentDescriptionRecord
2015-10-11 22:31:10:19 SteamMiniDumpInit
2015-10-11 22:32:44:74 Steam.dll Loaded
2015-10-11 22:32:44:88 BlobPath --> C:\Games\1.18\ClientRegistry.blob
2015-10-11 22:32:44:88 IniPath --> C:\Games\1.18\LumaEmu.ini
2015-10-11 22:32:44:89 CachePath --> c:\program files (x86)\steam\steamapps\
2015-10-11 22:32:44:162 ClientRegistry.blob is found
2015-10-11 22:32:44:163 Using ContentDescriptionRecord
2015-10-11 22:32:44:675 SteamMiniDumpInit
2015-10-11 22:34:57:548 Steam.dll Loaded
2015-10-11 22:34:57:559 BlobPath --> C:\Games\1.18\ClientRegistry.blob
2015-10-11 22:34:57:559 IniPath --> C:\Games\1.18\LumaEmu.ini
2015-10-11 22:34:57:559 CachePath --> c:\program files (x86)\steam\steamapps\
2015-10-11 22:34:57:628 ClientRegistry.blob is found
2015-10-11 22:34:57:629 Using ContentDescriptionRecord
2015-10-11 22:34:58:241 SteamMiniDumpInit
2015-10-11 22:39:25:85 Steam.dll Loaded
2015-10-11 22:39:25:111 BlobPath --> C:\Games\1.18\ClientRegistry.blob
2015-10-11 22:39:25:112 IniPath --> C:\Games\1.18\LumaEmu.ini
2015-10-11 22:39:25:113 CachePath --> c:\program files (x86)\steam\steamapps\
2015-10-11 22:39:25:183 ClientRegistry.blob is found
2015-10-11 22:39:25:183 Using ContentDescriptionRecord
2015-10-11 22:39:26:254 SteamMiniDumpInit
2015-10-12 0:25:43:621 Steam.dll Loaded
2015-10-12 0:25:43:639 BlobPath --> C:\Games\1.18\ClientRegistry.blob
2015-10-12 0:25:43:639 IniPath --> C:\Games\1.18\LumaEmu.ini
2015-10-12 0:25:43:641 CachePath --> c:\program files (x86)\steam\steamapps\
2015-10-12 0:25:43:753 ClientRegistry.blob is found
2015-10-12 0:25:43:753 Using ContentDescriptionRecord
2015-10-12 0:25:44:744 SteamMiniDumpInit
2015-10-12 0:45:57:793 Steam.dll Loaded
2015-10-12 0:45:57:794 BlobPath --> C:\Games\1.18\ClientRegistry.blob
2015-10-12 0:45:57:795 IniPath --> C:\Games\1.18\LumaEmu.ini
2015-10-12 0:45:57:796 CachePath --> c:\program files (x86)\steam\steamapps\
2015-10-12 0:45:57:921 ClientRegistry.blob is found
2015-10-12 0:45:57:922 Using ContentDescriptionRecord
2015-10-12 0:45:59:314 SteamMiniDumpInit
2015-10-12 0:47:3:714 Steam.dll Loaded
2015-10-12 0:47:3:716 BlobPath --> C:\Games\1.18\ClientRegistry.blob
2015-10-12 0:47:3:718 IniPath --> C:\Games\1.18\LumaEmu.ini
2015-10-12 0:47:3:719 CachePath --> c:\program files (x86)\steam\steamapps\
2015-10-12 0:47:3:760 ClientRegistry.blob is found
2015-10-12 0:47:3:761 Using ContentDescriptionRecord
2015-10-12 0:47:5:955 SteamMiniDumpInit
2015-10-12 0:57:49:54 Steam.dll Loaded
2015-10-12 0:57:49:65 BlobPath --> C:\Games\1.18\ClientRegistry.blob
2015-10-12 0:57:49:66 IniPath --> C:\Games\1.18\LumaEmu.ini
2015-10-12 0:57:49:68 CachePath --> c:\program files (x86)\steam\steamapps\
2015-10-12 0:57:49:136 ClientRegistry.blob is found
2015-10-12 0:57:49:137 Using ContentDescriptionRecord
2015-10-12 0:57:50:300 SteamMiniDumpInit
2015-10-12 1:4:0:724 Steam.dll Loaded
2015-10-12 1:4:0:753 BlobPath --> C:\Games\1.18\ClientRegistry.blob
2015-10-12 1:4:0:754 IniPath --> C:\Games\1.18\LumaEmu.ini
2015-10-12 1:4:0:754 CachePath --> c:\program files (x86)\steam\steamapps\
2015-10-12 1:4:0:832 ClientRegistry.blob is found
2015-10-12 1:4:0:833 Using ContentDescriptionRecord
2015-10-12 1:4:1:842 SteamMiniDumpInit
2015-10-12 1:37:2:631 Steam.dll Loaded
2015-10-12 1:37:2:642 BlobPath --> C:\Games\1.18\ClientRegistry.blob
2015-10-12 1:37:2:644 IniPath --> C:\Games\1.18\LumaEmu.ini
2015-10-12 1:37:2:645 CachePath --> c:\program files (x86)\steam\steamapps\
2015-10-12 1:37:2:714 ClientRegistry.blob is found
2015-10-12 1:37:2:714 Using ContentDescriptionRecord
2015-10-12 1:37:3:730 SteamMiniDumpInit
2015-10-12 12:7:15:719 Steam.dll Loaded
2015-10-12 12:7:15:732 BlobPath --> C:\Games\1.18\ClientRegistry.blob
2015-10-12 12:7:15:733 IniPath --> C:\Games\1.18\LumaEmu.ini
2015-10-12 12:7:15:733 CachePath --> c:\program files (x86)\steam\steamapps\
2015-10-12 12:7:15:814 ClientRegistry.blob is found
2015-10-12 12:7:15:822 Using ContentDescriptionRecord
2015-10-12 12:7:16:237 SteamMiniDumpInit
2015-10-17 20:57:29:141 Steam.dll Loaded
2015-10-17 20:57:29:160 BlobPath --> C:\Games\1.18\ClientRegistry.blob
2015-10-17 20:57:29:161 IniPath --> C:\Games\1.18\LumaEmu.ini
2015-10-17 20:57:29:161 CachePath --> c:\program files (x86)\steam\steamapps\
2015-10-17 20:57:29:230 ClientRegistry.blob is found
2015-10-17 20:57:29:260 Using ContentDescriptionRecord
2015-10-17 20:57:29:843 SteamMiniDumpInit
2015-10-19 0:0:31:755 Steam.dll Loaded
2015-10-19 0:0:31:765 BlobPath --> C:\Games\1.18\ClientRegistry.blob
2015-10-19 0:0:31:766 IniPath --> C:\Games\1.18\LumaEmu.ini
2015-10-19 0:0:31:766 CachePath --> c:\program files (x86)\steam\steamapps\
2015-10-19 0:0:31:890 ClientRegistry.blob is found
2015-10-19 0:0:31:890 Using ContentDescriptionRecord
2015-10-19 0:0:32:454 SteamMiniDumpInit
2015-10-29 19:39:17:575 Steam.dll Loaded
2015-10-29 19:39:17:602 BlobPath --> C:\Games\1.18\ClientRegistry.blob
2015-10-29 19:39:17:604 IniPath --> C:\Games\1.18\LumaEmu.ini
2015-10-29 19:39:17:605 CachePath --> c:\program files (x86)\steam\steamapps\
2015-10-29 19:39:17:723 ClientRegistry.blob is found
2015-10-29 19:39:17:724 Using ContentDescriptionRecord
2015-10-29 19:39:18:810 SteamMiniDumpInit
2015-10-29 20:8:47:756 Steam.dll Loaded
2015-10-29 20:8:47:762 BlobPath --> C:\Games\1.18\ClientRegistry.blob
2015-10-29 20:8:47:763 IniPath --> C:\Games\1.18\LumaEmu.ini
2015-10-29 20:8:47:763 CachePath --> c:\program files (x86)\steam\steamapps\
2015-10-29 20:8:47:879 ClientRegistry.blob is found
2015-10-29 20:8:47:880 Using ContentDescriptionRecord
2015-10-29 20:8:48:813 SteamMiniDumpInit
2015-11-2 22:11:32:707 Steam.dll Loaded
2015-11-2 22:11:32:721 BlobPath --> C:\Games\1.18\ClientRegistry.blob
2015-11-2 22:11:32:722 IniPath --> C:\Games\1.18\LumaEmu.ini
2015-11-2 22:11:32:722 CachePath --> c:\program files (x86)\steam\steamapps\
2015-11-2 22:11:32:817 ClientRegistry.blob is found
2015-11-2 22:11:32:817 Using ContentDescriptionRecord
2015-11-2 22:11:33:408 SteamMiniDumpInit
2015-11-3 18:30:31:146 Steam.dll Loaded
2015-11-3 18:30:31:180 BlobPath --> C:\Games\1.18\ClientRegistry.blob
2015-11-3 18:30:31:181 IniPath --> C:\Games\1.18\LumaEmu.ini
2015-11-3 18:30:31:181 CachePath --> c:\program files (x86)\steam\steamapps\
2015-11-3 18:30:31:260 ClientRegistry.blob is found
2015-11-3 18:30:31:260 Using ContentDescriptionRecord
2015-11-3 18:30:31:741 SteamMiniDumpInit
2015-11-3 18:31:58:891 Steam.dll Loaded
2015-11-3 18:31:58:898 BlobPath --> C:\Games\1.18\ClientRegistry.blob
2015-11-3 18:31:58:899 IniPath --> C:\Games\1.18\LumaEmu.ini
2015-11-3 18:31:58:899 CachePath --> c:\program files (x86)\steam\steamapps\
2015-11-3 18:31:58:916 ClientRegistry.blob is found
2015-11-3 18:31:58:916 Using ContentDescriptionRecord
2015-11-3 18:31:59:367 SteamMiniDumpInit
2015-11-3 18:32:54:406 Steam.dll Loaded
2015-11-3 18:32:54:406 BlobPath --> C:\Games\1.18\ClientRegistry.blob
2015-11-3 18:32:54:407 IniPath --> C:\Games\1.18\LumaEmu.ini
2015-11-3 18:32:54:408 CachePath --> c:\program files (x86)\steam\steamapps\
2015-11-3 18:32:54:430 ClientRegistry.blob is found
2015-11-3 18:32:54:431 Using ContentDescriptionRecord
2015-11-3 18:32:55:176 SteamMiniDumpInit
2015-11-3 18:33:35:790 Steam.dll Loaded
2015-11-3 18:33:35:791 BlobPath --> C:\Games\1.18\ClientRegistry.blob
2015-11-3 18:33:35:791 IniPath --> C:\Games\1.18\LumaEmu.ini
2015-11-3 18:33:35:792 CachePath --> c:\program files (x86)\steam\steamapps\
2015-11-3 18:33:35:809 ClientRegistry.blob is found
2015-11-3 18:33:35:811 Using ContentDescriptionRecord
2015-11-3 18:33:36:485 SteamMiniDumpInit
2015-11-3 18:36:37:811 Steam.dll Loaded
2015-11-3 18:36:37:822 BlobPath --> C:\Games\1.18\ClientRegistry.blob
2015-11-3 18:36:37:823 IniPath --> C:\Games\1.18\LumaEmu.ini
2015-11-3 18:36:37:824 CachePath --> c:\program files (x86)\steam\steamapps\
2015-11-3 18:36:37:840 ClientRegistry.blob is found
2015-11-3 18:36:37:841 Using ContentDescriptionRecord
2015-11-3 18:36:38:652 SteamMiniDumpInit
2015-11-11 18:47:51:477 Steam.dll Loaded
2015-11-11 18:47:51:490 BlobPath --> C:\Games\1.18\ClientRegistry.blob
2015-11-11 18:47:51:490 IniPath --> C:\Games\1.18\LumaEmu.ini
2015-11-11 18:47:51:491 CachePath --> c:\program files (x86)\steam\steamapps\
2015-11-11 18:47:51:558 ClientRegistry.blob is found
2015-11-11 18:47:51:559 Using ContentDescriptionRecord
2015-11-11 18:47:52:296 SteamMiniDumpInit
2015-11-11 18:56:0:299 Steam.dll Loaded
2015-11-11 18:56:0:306 BlobPath --> C:\Games\1.18\ClientRegistry.blob
2015-11-11 18:56:0:307 IniPath --> C:\Games\1.18\LumaEmu.ini
2015-11-11 18:56:0:307 CachePath --> c:\program files (x86)\steam\steamapps\
2015-11-11 18:56:0:374 ClientRegistry.blob is found
2015-11-11 18:56:0:374 Using ContentDescriptionRecord
2015-11-11 18:56:1:203 SteamMiniDumpInit
2015-11-11 19:35:20:376 Steam.dll Loaded
2015-11-11 19:35:20:385 BlobPath --> C:\Games\1.18\ClientRegistry.blob
2015-11-11 19:35:20:385 IniPath --> C:\Games\1.18\LumaEmu.ini
2015-11-11 19:35:20:386 CachePath --> c:\program files (x86)\steam\steamapps\
2015-11-11 19:35:20:495 ClientRegistry.blob is found
2015-11-11 19:35:20:496 Using ContentDescriptionRecord
2015-11-11 19:35:21:620 SteamMiniDumpInit
2015-11-15 13:34:55:952 Steam.dll Loaded
2015-11-15 13:34:55:964 BlobPath --> C:\Games\1.18\ClientRegistry.blob
2015-11-15 13:34:55:965 IniPath --> C:\Games\1.18\LumaEmu.ini
2015-11-15 13:34:55:965 CachePath --> c:\program files (x86)\steam\steamapps\
2015-11-15 13:34:56:63 ClientRegistry.blob is found
2015-11-15 13:34:56:64 Using ContentDescriptionRecord
2015-11-15 13:34:56:840 SteamMiniDumpInit
2015-12-12 21:49:56:202 Steam.dll Loaded
2015-12-12 21:49:56:212 BlobPath --> C:\Games\1.18\ClientRegistry.blob
2015-12-12 21:49:56:215 IniPath --> C:\Games\1.18\LumaEmu.ini
2015-12-12 21:49:56:216 CachePath --> c:\program files (x86)\steam\steamapps\
2015-12-12 21:49:56:282 ClientRegistry.blob is found
2015-12-12 21:49:56:284 Using ContentDescriptionRecord
2015-12-12 21:49:57:572 SteamMiniDumpInit
2015-12-12 21:53:8:647 Steam.dll Loaded
2015-12-12 21:53:8:654 BlobPath --> C:\Games\1.18\ClientRegistry.blob
2015-12-12 21:53:8:654 IniPath --> C:\Games\1.18\LumaEmu.ini
2015-12-12 21:53:8:655 CachePath --> c:\program files (x86)\steam\steamapps\
2015-12-12 21:53:8:732 ClientRegistry.blob is found
2015-12-12 21:53:8:733 Using ContentDescriptionRecord
2015-12-12 21:53:10:312 SteamMiniDumpInit
2015-12-12 22:24:8:122 Steam.dll Loaded
2015-12-12 22:24:8:134 BlobPath --> C:\Games\1.18\ClientRegistry.blob
2015-12-12 22:24:8:135 IniPath --> C:\Games\1.18\LumaEmu.ini
2015-12-12 22:24:8:136 CachePath --> c:\program files (x86)\steam\steamapps\
2015-12-12 22:24:8:236 ClientRegistry.blob is found
2015-12-12 22:24:8:238 Using ContentDescriptionRecord
2015-12-12 22:24:9:45 SteamMiniDumpInit
2015-12-17 18:31:32:33 Steam.dll Loaded
2015-12-17 18:31:32:49 BlobPath --> C:\Games\1.18\ClientRegistry.blob
2015-12-17 18:31:32:50 IniPath --> C:\Games\1.18\LumaEmu.ini
2015-12-17 18:31:32:50 CachePath --> c:\program files (x86)\steam\steamapps\
2015-12-17 18:31:32:117 ClientRegistry.blob is found
2015-12-17 18:31:32:137 Using ContentDescriptionRecord
2015-12-17 18:31:32:884 SteamMiniDumpInit
