2015-8-23 20:3:9:67 Steam.dll Loaded
2015-8-23 20:3:9:68 BlobPath --> C:\Users\Admin\Desktop\OXIDE 2.0\ClientRegistry.blob
2015-8-23 20:3:9:68 IniPath --> C:\Users\Admin\Desktop\OXIDE 2.0\LumaEmu.ini
2015-8-23 20:3:9:68 CachePath --> c:\program files (x86)\steam\steamapps\
2015-8-23 20:3:9:71 ClientRegistry.blob is found
2015-8-23 20:3:9:71 Using ContentDescriptionRecord
2015-8-23 20:3:9:268 SteamMiniDumpInit
2015-8-23 20:7:36:407 Steam.dll Loaded
2015-8-23 20:7:36:407 BlobPath --> C:\Users\Admin\Desktop\OXIDE 2.0\ClientRegistry.blob
2015-8-23 20:7:36:407 IniPath --> C:\Users\Admin\Desktop\OXIDE 2.0\LumaEmu.ini
2015-8-23 20:7:36:407 CachePath --> c:\program files (x86)\steam\steamapps\
2015-8-23 20:7:36:411 ClientRegistry.blob is found
2015-8-23 20:7:36:411 Using ContentDescriptionRecord
2015-8-23 20:7:36:556 SteamMiniDumpInit
2015-8-23 20:9:49:563 Steam.dll Loaded
2015-8-23 20:9:49:563 BlobPath --> C:\Users\Admin\Desktop\OXIDE 2.0\ClientRegistry.blob
2015-8-23 20:9:49:563 IniPath --> C:\Users\Admin\Desktop\OXIDE 2.0\LumaEmu.ini
2015-8-23 20:9:49:563 CachePath --> c:\program files (x86)\steam\steamapps\
2015-8-23 20:9:49:566 ClientRegistry.blob is found
2015-8-23 20:9:49:566 Using ContentDescriptionRecord
2015-8-23 20:9:49:718 SteamMiniDumpInit
2015-8-23 20:12:27:782 Steam.dll Loaded
2015-8-23 20:12:27:782 BlobPath --> C:\Users\Admin\Desktop\OXIDE 2.0\ClientRegistry.blob
2015-8-23 20:12:27:782 IniPath --> C:\Users\Admin\Desktop\OXIDE 2.0\LumaEmu.ini
2015-8-23 20:12:27:782 CachePath --> c:\program files (x86)\steam\steamapps\
2015-8-23 20:12:27:785 ClientRegistry.blob is found
2015-8-23 20:12:27:785 Using ContentDescriptionRecord
2015-8-23 20:12:27:934 SteamMiniDumpInit
2015-10-21 14:24:18:910 Steam.dll Loaded
2015-10-21 14:24:18:910 BlobPath --> C:\Users\Administrator\Desktop\OXIDE 2.0\ClientRegistry.blob
2015-10-21 14:24:18:910 IniPath --> C:\Users\Administrator\Desktop\OXIDE 2.0\LumaEmu.ini
2015-10-21 14:24:18:910 CachePath --> c:\program files (x86)\steam\steamapps\
2015-10-21 14:24:18:914 ClientRegistry.blob is found
2015-10-21 14:24:18:914 Using ContentDescriptionRecord
2015-10-21 14:24:19:348 SteamMiniDumpInit
2015-10-21 14:37:51:523 Steam.dll Shutdown
2015-10-21 14:42:3:436 Steam.dll Loaded
2015-10-21 14:42:3:436 BlobPath --> C:\Users\Administrator\Desktop\OXIDE 2.0\ClientRegistry.blob
2015-10-21 14:42:3:437 IniPath --> C:\Users\Administrator\Desktop\OXIDE 2.0\LumaEmu.ini
2015-10-21 14:42:3:437 CachePath --> c:\program files (x86)\steam\steamapps\
2015-10-21 14:42:3:441 ClientRegistry.blob is found
2015-10-21 14:42:3:441 Using ContentDescriptionRecord
2015-10-21 14:42:3:748 SteamMiniDumpInit
2015-10-21 15:2:55:245 Steam.dll Loaded
2015-10-21 15:2:55:245 BlobPath --> C:\Users\Administrator\Desktop\OXIDE 2.0\ClientRegistry.blob
2015-10-21 15:2:55:246 IniPath --> C:\Users\Administrator\Desktop\OXIDE 2.0\LumaEmu.ini
2015-10-21 15:2:55:246 CachePath --> c:\program files (x86)\steam\steamapps\
2015-10-21 15:2:55:249 ClientRegistry.blob is found
2015-10-21 15:2:55:249 Using ContentDescriptionRecord
2015-10-21 15:2:55:552 SteamMiniDumpInit
2015-10-21 17:6:29:254 Steam.dll Loaded
2015-10-21 17:6:29:254 BlobPath --> C:\Users\Administrator\Desktop\OXIDE 2.0\ClientRegistry.blob
2015-10-21 17:6:29:254 IniPath --> C:\Users\Administrator\Desktop\OXIDE 2.0\LumaEmu.ini
2015-10-21 17:6:29:254 CachePath --> c:\program files (x86)\steam\steamapps\
2015-10-21 17:6:29:258 ClientRegistry.blob is found
2015-10-21 17:6:29:258 Using ContentDescriptionRecord
2015-10-21 17:6:29:641 SteamMiniDumpInit
2015-10-21 19:32:38:398 Steam.dll Shutdown
2015-10-21 19:34:39:162 Steam.dll Loaded
2015-10-21 19:34:39:162 BlobPath --> C:\Users\Administrator\Desktop\OXIDE 2.0\ClientRegistry.blob
2015-10-21 19:34:39:162 IniPath --> C:\Users\Administrator\Desktop\OXIDE 2.0\LumaEmu.ini
2015-10-21 19:34:39:163 CachePath --> c:\program files (x86)\steam\steamapps\
2015-10-21 19:34:39:172 ClientRegistry.blob is found
2015-10-21 19:34:39:172 Using ContentDescriptionRecord
2015-10-21 19:34:39:538 SteamMiniDumpInit
2015-10-22 20:5:27:390 Steam.dll Loaded
2015-10-22 20:5:27:391 BlobPath --> C:\Users\Administrator\Desktop\OXIDE 2.0\ClientRegistry.blob
2015-10-22 20:5:27:391 IniPath --> C:\Users\Administrator\Desktop\OXIDE 2.0\LumaEmu.ini
2015-10-22 20:5:27:391 CachePath --> c:\program files (x86)\steam\steamapps\
2015-10-22 20:5:27:394 ClientRegistry.blob is found
2015-10-22 20:5:27:394 Using ContentDescriptionRecord
2015-10-22 20:5:27:892 SteamMiniDumpInit
2015-10-23 21:45:27:41 Steam.dll Shutdown
2015-10-23 21:46:7:521 Steam.dll Loaded
2015-10-23 21:46:7:521 BlobPath --> C:\Users\Administrator\Desktop\OXIDE 2.0\ClientRegistry.blob
2015-10-23 21:46:7:521 IniPath --> C:\Users\Administrator\Desktop\OXIDE 2.0\LumaEmu.ini
2015-10-23 21:46:7:521 CachePath --> c:\program files (x86)\steam\steamapps\
2015-10-23 21:46:7:614 ClientRegistry.blob is found
2015-10-23 21:46:7:614 Using ContentDescriptionRecord
2015-10-23 21:46:7:921 SteamMiniDumpInit
2015-10-24 20:6:14:421 Steam.dll Shutdown
2015-10-24 20:7:0:414 Steam.dll Loaded
2015-10-24 20:7:0:414 BlobPath --> C:\Users\Administrator\Desktop\OXIDE 2.0\ClientRegistry.blob
2015-10-24 20:7:0:415 IniPath --> C:\Users\Administrator\Desktop\OXIDE 2.0\LumaEmu.ini
2015-10-24 20:7:0:415 CachePath --> c:\program files (x86)\steam\steamapps\
2015-10-24 20:7:0:423 ClientRegistry.blob is found
2015-10-24 20:7:0:423 Using ContentDescriptionRecord
2015-10-24 20:7:0:824 SteamMiniDumpInit
2015-10-24 21:18:50:957 Steam.dll Shutdown
2015-10-24 21:20:42:220 Steam.dll Loaded
2015-10-24 21:20:42:220 BlobPath --> C:\Users\Administrator\Desktop\OXIDE 2.0\ClientRegistry.blob
2015-10-24 21:20:42:220 IniPath --> C:\Users\Administrator\Desktop\OXIDE 2.0\LumaEmu.ini
2015-10-24 21:20:42:220 CachePath --> c:\program files (x86)\steam\steamapps\
2015-10-24 21:20:42:224 ClientRegistry.blob is found
2015-10-24 21:20:42:224 Using ContentDescriptionRecord
2015-10-24 21:20:42:623 SteamMiniDumpInit
2015-10-24 23:36:18:764 Steam.dll Shutdown
2015-10-24 23:36:41:144 Steam.dll Loaded
2015-10-24 23:36:41:144 BlobPath --> C:\Users\Administrator\Desktop\OXIDE 2.0\ClientRegistry.blob
2015-10-24 23:36:41:144 IniPath --> C:\Users\Administrator\Desktop\OXIDE 2.0\LumaEmu.ini
2015-10-24 23:36:41:144 CachePath --> c:\program files (x86)\steam\steamapps\
2015-10-24 23:36:41:147 ClientRegistry.blob is found
2015-10-24 23:36:41:148 Using ContentDescriptionRecord
2015-10-24 23:36:41:547 SteamMiniDumpInit
2015-10-26 5:55:45:253 Steam.dll Shutdown
2015-10-26 5:56:34:395 Steam.dll Loaded
2015-10-26 5:56:34:395 BlobPath --> C:\Users\Administrator\Desktop\OXIDE 2.0\ClientRegistry.blob
2015-10-26 5:56:34:406 IniPath --> C:\Users\Administrator\Desktop\OXIDE 2.0\LumaEmu.ini
2015-10-26 5:56:34:406 CachePath --> c:\program files (x86)\steam\steamapps\
2015-10-26 5:56:34:409 ClientRegistry.blob is found
2015-10-26 5:56:34:409 Using ContentDescriptionRecord
2015-10-26 5:56:34:814 SteamMiniDumpInit
2015-10-26 13:37:16:7 Steam.dll Shutdown
2015-10-26 13:37:53:633 Steam.dll Loaded
2015-10-26 13:37:53:633 BlobPath --> C:\Users\Administrator\Desktop\OXIDE 2.0\ClientRegistry.blob
2015-10-26 13:37:53:634 IniPath --> C:\Users\Administrator\Desktop\OXIDE 2.0\LumaEmu.ini
2015-10-26 13:37:53:634 CachePath --> c:\program files (x86)\steam\steamapps\
2015-10-26 13:37:53:638 ClientRegistry.blob is found
2015-10-26 13:37:53:638 Using ContentDescriptionRecord
2015-10-26 13:37:54:47 SteamMiniDumpInit
2015-10-27 13:39:27:163 Steam.dll Shutdown
2015-10-27 13:40:31:654 Steam.dll Loaded
2015-10-27 13:40:31:654 BlobPath --> C:\Users\Administrator\Desktop\OXIDE 2.0\ClientRegistry.blob
2015-10-27 13:40:31:654 IniPath --> C:\Users\Administrator\Desktop\OXIDE 2.0\LumaEmu.ini
2015-10-27 13:40:31:654 CachePath --> c:\program files (x86)\steam\steamapps\
2015-10-27 13:40:31:658 ClientRegistry.blob is found
2015-10-27 13:40:31:659 Using ContentDescriptionRecord
2015-10-27 13:40:32:132 SteamMiniDumpInit
2015-10-27 20:10:45:737 Steam.dll Shutdown
2015-10-27 20:11:16:151 Steam.dll Loaded
2015-10-27 20:11:16:151 BlobPath --> C:\Users\Administrator\Desktop\OXIDE 2.0\ClientRegistry.blob
2015-10-27 20:11:16:151 IniPath --> C:\Users\Administrator\Desktop\OXIDE 2.0\LumaEmu.ini
2015-10-27 20:11:16:151 CachePath --> c:\program files (x86)\steam\steamapps\
2015-10-27 20:11:16:155 ClientRegistry.blob is found
2015-10-27 20:11:16:155 Using ContentDescriptionRecord
2015-10-27 20:11:16:541 SteamMiniDumpInit
2015-10-28 19:4:54:933 Steam.dll Loaded
2015-10-28 19:4:54:934 BlobPath --> C:\Users\Administrator\Desktop\OXIDE 2.0\ClientRegistry.blob
2015-10-28 19:4:54:934 IniPath --> C:\Users\Administrator\Desktop\OXIDE 2.0\LumaEmu.ini
2015-10-28 19:4:54:935 CachePath --> c:\program files (x86)\steam\steamapps\
2015-10-28 19:4:54:940 ClientRegistry.blob is found
2015-10-28 19:4:54:940 Using ContentDescriptionRecord
2015-10-28 19:4:55:459 SteamMiniDumpInit
2015-10-29 5:58:22:297 Steam.dll Shutdown
2015-10-29 5:58:59:779 Steam.dll Loaded
2015-10-29 5:58:59:779 BlobPath --> C:\Users\Administrator\Desktop\OXIDE 2.0\ClientRegistry.blob
2015-10-29 5:58:59:779 IniPath --> C:\Users\Administrator\Desktop\OXIDE 2.0\LumaEmu.ini
2015-10-29 5:58:59:779 CachePath --> c:\program files (x86)\steam\steamapps\
2015-10-29 5:58:59:808 ClientRegistry.blob is found
2015-10-29 5:58:59:808 Using ContentDescriptionRecord
2015-10-29 5:59:0:85 SteamMiniDumpInit
2015-10-29 16:52:49:107 Steam.dll Shutdown
2015-10-29 16:54:27:625 Steam.dll Loaded
2015-10-29 16:54:27:625 BlobPath --> C:\Users\Administrator\Desktop\OXIDE 2.0\ClientRegistry.blob
2015-10-29 16:54:27:626 IniPath --> C:\Users\Administrator\Desktop\OXIDE 2.0\LumaEmu.ini
2015-10-29 16:54:27:626 CachePath --> c:\program files (x86)\steam\steamapps\
2015-10-29 16:54:27:630 ClientRegistry.blob is found
2015-10-29 16:54:27:631 Using ContentDescriptionRecord
2015-10-29 16:54:28:210 SteamMiniDumpInit
2015-10-30 20:16:30:428 Steam.dll Shutdown
2015-10-30 20:17:19:153 Steam.dll Loaded
2015-10-30 20:17:19:159 BlobPath --> C:\Users\Administrator\Desktop\OXIDE 2.0\ClientRegistry.blob
2015-10-30 20:17:19:159 IniPath --> C:\Users\Administrator\Desktop\OXIDE 2.0\LumaEmu.ini
2015-10-30 20:17:19:159 CachePath --> c:\program files (x86)\steam\steamapps\
2015-10-30 20:17:19:203 ClientRegistry.blob is found
2015-10-30 20:17:19:204 Using ContentDescriptionRecord
2015-10-30 20:17:19:524 SteamMiniDumpInit
2015-10-31 1:4:25:970 Steam.dll Loaded
2015-10-31 1:4:25:973 BlobPath --> C:\Users\Administrator\Desktop\OXIDE 2.0\ClientRegistry.blob
2015-10-31 1:4:25:974 IniPath --> C:\Users\Administrator\Desktop\OXIDE 2.0\LumaEmu.ini
2015-10-31 1:4:25:974 CachePath --> c:\program files (x86)\steam\steamapps\
2015-10-31 1:4:26:132 ClientRegistry.blob is found
2015-10-31 1:4:26:132 Using ContentDescriptionRecord
2015-10-31 1:4:26:456 SteamMiniDumpInit
2015-10-31 17:1:5:280 Steam.dll Loaded
2015-10-31 17:1:5:284 BlobPath --> C:\Users\Administrator\Desktop\OXIDE 2.0\ClientRegistry.blob
2015-10-31 17:1:5:284 IniPath --> C:\Users\Administrator\Desktop\OXIDE 2.0\LumaEmu.ini
2015-10-31 17:1:5:284 CachePath --> c:\program files (x86)\steam\steamapps\
2015-10-31 17:1:5:343 ClientRegistry.blob is found
2015-10-31 17:1:5:343 Using ContentDescriptionRecord
2015-10-31 17:1:6:546 SteamMiniDumpInit
2015-11-4 22:29:43:661 Steam.dll Loaded
2015-11-4 22:29:43:671 BlobPath --> C:\Users\Administrator\Desktop\OXIDE 2.0\ClientRegistry.blob
2015-11-4 22:29:43:671 IniPath --> C:\Users\Administrator\Desktop\OXIDE 2.0\LumaEmu.ini
2015-11-4 22:29:43:671 CachePath --> c:\program files (x86)\steam\steamapps\
2015-11-4 22:29:43:795 ClientRegistry.blob is found
2015-11-4 22:29:43:796 Using ContentDescriptionRecord
2015-11-4 22:29:44:128 SteamMiniDumpInit
2015-11-6 15:13:11:893 Steam.dll Shutdown
2015-11-6 15:26:3:934 Steam.dll Loaded
2015-11-6 15:26:3:934 BlobPath --> C:\Users\Administrator\Desktop\OXIDE 2.0\ClientRegistry.blob
2015-11-6 15:26:3:935 IniPath --> C:\Users\Administrator\Desktop\OXIDE 2.0\LumaEmu.ini
2015-11-6 15:26:3:935 CachePath --> c:\program files (x86)\steam\steamapps\
2015-11-6 15:26:4:0 ClientRegistry.blob is found
2015-11-6 15:26:4:0 Using ContentDescriptionRecord
2015-11-6 15:26:6:632 SteamMiniDumpInit
2015-11-6 15:38:37:668 Steam.dll Shutdown
2015-11-6 15:55:40:896 Steam.dll Loaded
2015-11-6 15:55:40:897 BlobPath --> C:\Users\Administrator\Desktop\OXIDE 2.0\ClientRegistry.blob
2015-11-6 15:55:40:897 IniPath --> C:\Users\Administrator\Desktop\OXIDE 2.0\LumaEmu.ini
2015-11-6 15:55:40:897 CachePath --> c:\program files (x86)\steam\steamapps\
2015-11-6 15:55:40:960 ClientRegistry.blob is found
2015-11-6 15:55:40:962 Using ContentDescriptionRecord
2015-11-6 15:55:43:727 SteamMiniDumpInit
2015-11-6 16:30:10:486 Steam.dll Shutdown
2015-11-6 16:10:6:719 Steam.dll Loaded
2015-11-6 16:10:6:720 BlobPath --> C:\Users\Administrator\Desktop\OXIDE 2.0\ClientRegistry.blob
2015-11-6 16:10:6:730 IniPath --> C:\Users\Administrator\Desktop\OXIDE 2.0\LumaEmu.ini
2015-11-6 16:10:6:731 CachePath --> c:\program files (x86)\steam\steamapps\
2015-11-6 16:10:6:794 ClientRegistry.blob is found
2015-11-6 16:10:6:794 Using ContentDescriptionRecord
2015-11-6 16:10:9:556 SteamMiniDumpInit
2015-11-7 10:28:16:770 Steam.dll Shutdown
2015-11-7 10:28:55:150 Steam.dll Loaded
2015-11-7 10:28:55:150 BlobPath --> C:\Users\Administrator\Desktop\OXIDE 2.0\ClientRegistry.blob
2015-11-7 10:28:55:150 IniPath --> C:\Users\Administrator\Desktop\OXIDE 2.0\LumaEmu.ini
2015-11-7 10:28:55:150 CachePath --> c:\program files (x86)\steam\steamapps\
2015-11-7 10:28:55:154 ClientRegistry.blob is found
2015-11-7 10:28:55:154 Using ContentDescriptionRecord
2015-11-7 10:28:55:466 SteamMiniDumpInit
2015-11-8 18:56:47:878 Steam.dll Shutdown
2015-11-8 18:57:29:437 Steam.dll Loaded
2015-11-8 18:57:29:437 BlobPath --> C:\Users\Administrator\Desktop\OXIDE 2.0\ClientRegistry.blob
2015-11-8 18:57:29:437 IniPath --> C:\Users\Administrator\Desktop\OXIDE 2.0\LumaEmu.ini
2015-11-8 18:57:29:437 CachePath --> c:\program files (x86)\steam\steamapps\
2015-11-8 18:57:29:470 ClientRegistry.blob is found
2015-11-8 18:57:29:470 Using ContentDescriptionRecord
2015-11-8 18:57:29:732 SteamMiniDumpInit
2015-11-13 22:12:31:989 Steam.dll Shutdown
2015-11-13 22:13:29:8 Steam.dll Loaded
2015-11-13 22:13:29:49 BlobPath --> C:\Users\Administrator\Desktop\OXIDE 2.0\ClientRegistry.blob
2015-11-13 22:13:29:49 IniPath --> C:\Users\Administrator\Desktop\OXIDE 2.0\LumaEmu.ini
2015-11-13 22:13:29:49 CachePath --> c:\program files (x86)\steam\steamapps\
2015-11-13 22:13:29:113 ClientRegistry.blob is found
2015-11-13 22:13:29:120 Using ContentDescriptionRecord
2015-11-13 22:13:29:364 SteamMiniDumpInit
2015-11-17 21:27:0:290 Steam.dll Shutdown
2015-11-17 21:35:33:442 Steam.dll Loaded
2015-11-17 21:35:33:442 BlobPath --> C:\Users\Administrator\Desktop\OXIDE 2.0\ClientRegistry.blob
2015-11-17 21:35:33:442 IniPath --> C:\Users\Administrator\Desktop\OXIDE 2.0\LumaEmu.ini
2015-11-17 21:35:33:442 CachePath --> c:\program files (x86)\steam\steamapps\
2015-11-17 21:35:33:489 ClientRegistry.blob is found
2015-11-17 21:35:33:489 Using ContentDescriptionRecord
2015-11-17 21:35:33:708 SteamMiniDumpInit
2015-11-17 21:35:33:708 SteamWriteMiniDumpSetComment
2015-11-17 21:35:33:708 SteamWriteMiniDumpUsingExceptionInfoWithBuildId
2015-11-17 21:35:33:708 Steam.dll Shutdown
2015-11-17 21:38:31:918 Steam.dll Loaded
2015-11-17 21:38:31:918 BlobPath --> C:\Users\Administrator\Desktop\OXIDE 2.0\ClientRegistry.blob
2015-11-17 21:38:31:918 IniPath --> C:\Users\Administrator\Desktop\OXIDE 2.0\LumaEmu.ini
2015-11-17 21:38:31:918 CachePath --> c:\program files (x86)\steam\steamapps\
2015-11-17 21:38:31:923 ClientRegistry.blob is found
2015-11-17 21:38:31:923 Using ContentDescriptionRecord
2015-11-17 21:38:32:320 SteamMiniDumpInit
2015-11-17 22:37:36:220 Steam.dll Shutdown
2015-11-17 22:44:29:976 Steam.dll Loaded
2015-11-17 22:44:29:981 BlobPath --> C:\Users\Administrator\Desktop\OXIDE 2.0\ClientRegistry.blob
2015-11-17 22:44:29:981 IniPath --> C:\Users\Administrator\Desktop\OXIDE 2.0\LumaEmu.ini
2015-11-17 22:44:29:982 CachePath --> c:\program files (x86)\steam\steamapps\
2015-11-17 22:44:30:213 ClientRegistry.blob is found
2015-11-17 22:44:30:214 Using ContentDescriptionRecord
2015-11-17 22:44:30:461 SteamMiniDumpInit
2015-11-20 23:6:59:780 Steam.dll Shutdown
2015-11-20 23:9:27:842 Steam.dll Loaded
2015-11-20 23:9:27:847 BlobPath --> C:\Users\Administrator\Desktop\OXIDE 2.0\ClientRegistry.blob
2015-11-20 23:9:27:847 IniPath --> C:\Users\Administrator\Desktop\OXIDE 2.0\LumaEmu.ini
2015-11-20 23:9:27:847 CachePath --> c:\program files (x86)\steam\steamapps\
2015-11-20 23:9:27:900 ClientRegistry.blob is found
2015-11-20 23:9:27:904 Using ContentDescriptionRecord
2015-11-20 23:9:28:395 SteamMiniDumpInit
2015-11-22 7:36:43:47 Steam.dll Shutdown
2015-11-22 7:38:29:229 Steam.dll Loaded
2015-11-22 7:38:29:229 BlobPath --> C:\Users\Administrator\Desktop\OXIDE 2.0\ClientRegistry.blob
2015-11-22 7:38:29:229 IniPath --> C:\Users\Administrator\Desktop\OXIDE 2.0\LumaEmu.ini
2015-11-22 7:38:29:229 CachePath --> c:\program files (x86)\steam\steamapps\
2015-11-22 7:38:29:268 ClientRegistry.blob is found
2015-11-22 7:38:29:268 Using ContentDescriptionRecord
2015-11-22 7:38:29:515 SteamMiniDumpInit
2015-11-23 22:25:31:191 Steam.dll Shutdown
2015-11-23 22:27:49:858 Steam.dll Loaded
2015-11-23 22:27:49:858 BlobPath --> C:\Users\Administrator\Desktop\OXIDE 2.0\ClientRegistry.blob
2015-11-23 22:27:49:858 IniPath --> C:\Users\Administrator\Desktop\OXIDE 2.0\LumaEmu.ini
2015-11-23 22:27:49:858 CachePath --> c:\program files (x86)\steam\steamapps\
2015-11-23 22:27:49:921 ClientRegistry.blob is found
2015-11-23 22:27:49:922 Using ContentDescriptionRecord
2015-11-23 22:27:50:246 SteamMiniDumpInit
2015-11-25 22:36:33:743 Steam.dll Shutdown
2015-11-25 22:39:16:508 Steam.dll Loaded
2015-11-25 22:39:16:508 BlobPath --> C:\Users\Administrator\Desktop\OXIDE 2.0\ClientRegistry.blob
2015-11-25 22:39:16:508 IniPath --> C:\Users\Administrator\Desktop\OXIDE 2.0\LumaEmu.ini
2015-11-25 22:39:16:508 CachePath --> c:\program files (x86)\steam\steamapps\
2015-11-25 22:39:16:546 ClientRegistry.blob is found
2015-11-25 22:39:16:547 Using ContentDescriptionRecord
2015-11-25 22:39:16:839 SteamMiniDumpInit
2015-11-28 12:48:25:103 Steam.dll Shutdown
