====================================================================================
RustEssentials :: v1.7.0
6/23/2022 9:06:50 AM
====================================================================================
VERSION STATUS UNKNOWN
[INFO] Config loaded.
[INFO] Adding commands for [Owner]...
[INFO] Adding commands for [Administrator]...
[INFO] Adding commands for [Moderator]...
[INFO] Adding commands for [Member]...
[INFO] Adding commands for [Default]...
[INFO] Commands inherited for each rank successfully!
[INFO] Loading items for kit [Starter]...
[INFO] Time: 30000
[INFO] Loading items for kit [Invis]...
[INFO] Loading items for kit [TRS]...
[INFO] Kits inherited for each rank successfully!
[INFO] Adding MOTD [Join]...
[INFO] Adding MOTD [Cycle]...
[INFO] Adding MOTD [Cycle]...
[INFO] Adding MOTD [Once]...
[INFO] Adding MOTD [Rules]...
[INFO] Warps inherited for each rank successfully!
[INFO] 245 items found!
[INFO] Item Controller successfully loaded with 0 restrictions!
[INFO] 31/31 loot tables successfully overrided!
[INFO] Loading items for loadout part [Hotbar]...
[INFO] Loading items for loadout part [Inventory]...
[INFO] Starting alternate tick thread...
[INFO] ====
[INFO] Overriding time...
[INFO] Overriding day length...
[INFO] Overriding night length...
[INFO] Player klktt (76561197980389132) has joined. [127.0.0.1]
[INFO] Player klktt (76561197980389132) has joined the game world. Avatar loaded. [127.0.0.1]
[INFO] Player klktt (76561197980389132) has disconnected. Data unloaded. [255.255.255.255]
